[ 2016-04-21T00:08:07+08:00 ] 127.0.0.1 /m/Index/profile.html?token=8bb72bc6e58e2270111ae0da358bba1b
INFO: [ app_init ] --START--
INFO: Run Behavior\BuildLiteBehavior [ RunTime:0.000013s ]
INFO: [ app_init ] --END-- [ RunTime:0.000266s ]
INFO: [ app_begin ] --START--
INFO: Run Behavior\ReadHtmlCacheBehavior [ RunTime:0.000330s ]
INFO: [ app_begin ] --END-- [ RunTime:0.000380s ]
SQL: SHOW COLUMNS FROM `ms_member` [ RunTime:0.0006s ]
SQL: SELECT * FROM `ms_member` WHERE ( token='8bb72bc6e58e2270111ae0da358bba1b' ) LIMIT 1   [ RunTime:0.0001s ]
INFO: [ view_parse ] --START--
INFO: [ template_filter ] --START--
INFO: Run Behavior\ContentReplaceBehavior [ RunTime:0.000040s ]
INFO: [ template_filter ] --END-- [ RunTime:0.000077s ]
INFO: Run Behavior\ParseTemplateBehavior [ RunTime:0.004256s ]
INFO: [ view_parse ] --END-- [ RunTime:0.004297s ]
INFO: [ view_filter ] --START--
INFO: Run Behavior\WriteHtmlCacheBehavior [ RunTime:0.000094s ]
INFO: [ view_filter ] --END-- [ RunTime:0.000116s ]
INFO: [ app_end ] --START--
INFO: Run Behavior\ShowPageTraceBehavior [ RunTime:0.000271s ]
INFO: [ app_end ] --END-- [ RunTime:0.000297s ]

[ 2016-04-21T00:08:07+08:00 ] 127.0.0.1 /m/Index/verify_c.html?token=8bb72bc6e58e2270111ae0da358bba1b
INFO: [ app_init ] --START--
INFO: Run Behavior\BuildLiteBehavior [ RunTime:0.000018s ]
INFO: [ app_init ] --END-- [ RunTime:0.000413s ]
INFO: [ app_begin ] --START--
INFO: Run Behavior\ReadHtmlCacheBehavior [ RunTime:0.000595s ]
INFO: [ app_begin ] --END-- [ RunTime:0.000690s ]
SQL: SHOW COLUMNS FROM `ms_member` [ RunTime:0.0012s ]
SQL: SELECT * FROM `ms_member` WHERE ( token='8bb72bc6e58e2270111ae0da358bba1b' ) LIMIT 1   [ RunTime:0.0002s ]
INFO: [ app_end ] --START--
INFO: Run Behavior\ShowPageTraceBehavior [ RunTime:0.000594s ]
INFO: [ app_end ] --END-- [ RunTime:0.000675s ]

[ 2016-04-21T00:08:18+08:00 ] 127.0.0.1 /m/Index/verify_c.html?token=8bb72bc6e58e2270111ae0da358bba1b&random=0.6611378170844124
INFO: [ app_init ] --START--
INFO: Run Behavior\BuildLiteBehavior [ RunTime:0.000013s ]
INFO: [ app_init ] --END-- [ RunTime:0.000310s ]
INFO: [ app_begin ] --START--
INFO: Run Behavior\ReadHtmlCacheBehavior [ RunTime:0.000367s ]
INFO: [ app_begin ] --END-- [ RunTime:0.000415s ]
SQL: SHOW COLUMNS FROM `ms_member` [ RunTime:0.0007s ]
SQL: SELECT * FROM `ms_member` WHERE ( token='8bb72bc6e58e2270111ae0da358bba1b' ) LIMIT 1   [ RunTime:0.0002s ]
INFO: [ app_end ] --START--
INFO: Run Behavior\ShowPageTraceBehavior [ RunTime:0.000439s ]
INFO: [ app_end ] --END-- [ RunTime:0.000497s ]

[ 2016-04-21T00:08:22+08:00 ] 127.0.0.1 /m/Index/getVerifyCode.html?token=8bb72bc6e58e2270111ae0da358bba1b
INFO: [ app_init ] --START--
INFO: Run Behavior\BuildLiteBehavior [ RunTime:0.000015s ]
INFO: [ app_init ] --END-- [ RunTime:0.000293s ]
INFO: [ app_begin ] --START--
INFO: Run Behavior\ReadHtmlCacheBehavior [ RunTime:0.000437s ]
INFO: [ app_begin ] --END-- [ RunTime:0.000506s ]
SQL: SHOW COLUMNS FROM `ms_member` [ RunTime:0.0006s ]
SQL: SELECT * FROM `ms_member` WHERE ( token='8bb72bc6e58e2270111ae0da358bba1b' ) LIMIT 1   [ RunTime:0.0001s ]

[ 2016-04-21T00:13:32+08:00 ] 127.0.0.1 /m/Index/profile.html?token=8bb72bc6e58e2270111ae0da358bba1b
INFO: [ app_init ] --START--
INFO: Run Behavior\BuildLiteBehavior [ RunTime:0.000020s ]
INFO: [ app_init ] --END-- [ RunTime:0.000366s ]
INFO: [ app_begin ] --START--
INFO: Run Behavior\ReadHtmlCacheBehavior [ RunTime:0.000438s ]
INFO: [ app_begin ] --END-- [ RunTime:0.000494s ]
SQL: SHOW COLUMNS FROM `ms_member` [ RunTime:0.0007s ]
SQL: SELECT * FROM `ms_member` WHERE ( token='8bb72bc6e58e2270111ae0da358bba1b' ) LIMIT 1   [ RunTime:0.0001s ]
INFO: [ view_parse ] --START--
INFO: [ template_filter ] --START--
INFO: Run Behavior\ContentReplaceBehavior [ RunTime:0.000043s ]
INFO: [ template_filter ] --END-- [ RunTime:0.000090s ]
INFO: Run Behavior\ParseTemplateBehavior [ RunTime:0.006782s ]
INFO: [ view_parse ] --END-- [ RunTime:0.006821s ]
INFO: [ view_filter ] --START--
INFO: Run Behavior\WriteHtmlCacheBehavior [ RunTime:0.000098s ]
INFO: [ view_filter ] --END-- [ RunTime:0.000119s ]
INFO: [ app_end ] --START--
INFO: Run Behavior\ShowPageTraceBehavior [ RunTime:0.000269s ]
INFO: [ app_end ] --END-- [ RunTime:0.000295s ]

[ 2016-04-21T00:13:32+08:00 ] 127.0.0.1 /m/Index/verify_c.html?token=8bb72bc6e58e2270111ae0da358bba1b
INFO: [ app_init ] --START--
INFO: Run Behavior\BuildLiteBehavior [ RunTime:0.000018s ]
INFO: [ app_init ] --END-- [ RunTime:0.000397s ]
INFO: [ app_begin ] --START--
INFO: Run Behavior\ReadHtmlCacheBehavior [ RunTime:0.000926s ]
INFO: [ app_begin ] --END-- [ RunTime:0.001018s ]
SQL: SHOW COLUMNS FROM `ms_member` [ RunTime:0.0008s ]
SQL: SELECT * FROM `ms_member` WHERE ( token='8bb72bc6e58e2270111ae0da358bba1b' ) LIMIT 1   [ RunTime:0.0002s ]
INFO: [ app_end ] --START--
INFO: Run Behavior\ShowPageTraceBehavior [ RunTime:0.001527s ]
INFO: [ app_end ] --END-- [ RunTime:0.001863s ]

[ 2016-04-21T00:13:32+08:00 ] 127.0.0.1 /m/Index/verify_c.html?token=8bb72bc6e58e2270111ae0da358bba1b
INFO: [ app_init ] --START--
INFO: Run Behavior\BuildLiteBehavior [ RunTime:0.000016s ]
INFO: [ app_init ] --END-- [ RunTime:0.000432s ]
INFO: [ app_begin ] --START--
INFO: Run Behavior\ReadHtmlCacheBehavior [ RunTime:0.000533s ]
INFO: [ app_begin ] --END-- [ RunTime:0.000615s ]
SQL: SHOW COLUMNS FROM `ms_member` [ RunTime:0.0007s ]
SQL: SELECT * FROM `ms_member` WHERE ( token='8bb72bc6e58e2270111ae0da358bba1b' ) LIMIT 1   [ RunTime:0.0001s ]
INFO: [ app_end ] --START--
INFO: Run Behavior\ShowPageTraceBehavior [ RunTime:0.000534s ]
INFO: [ app_end ] --END-- [ RunTime:0.000619s ]

[ 2016-04-21T00:13:55+08:00 ] 127.0.0.1 /m/Index/verify_c.html?token=8bb72bc6e58e2270111ae0da358bba1b&random=0.5001937739645894
INFO: [ app_init ] --START--
INFO: Run Behavior\BuildLiteBehavior [ RunTime:0.000009s ]
INFO: [ app_init ] --END-- [ RunTime:0.000217s ]
INFO: [ app_begin ] --START--
INFO: Run Behavior\ReadHtmlCacheBehavior [ RunTime:0.000255s ]
INFO: [ app_begin ] --END-- [ RunTime:0.000286s ]
SQL: SHOW COLUMNS FROM `ms_member` [ RunTime:0.0006s ]
SQL: SELECT * FROM `ms_member` WHERE ( token='8bb72bc6e58e2270111ae0da358bba1b' ) LIMIT 1   [ RunTime:0.0001s ]
INFO: [ app_end ] --START--
INFO: Run Behavior\ShowPageTraceBehavior [ RunTime:0.000318s ]
INFO: [ app_end ] --END-- [ RunTime:0.000362s ]

[ 2016-04-21T00:14:02+08:00 ] 127.0.0.1 /m/Index/getVerifyCode.html?token=8bb72bc6e58e2270111ae0da358bba1b
INFO: [ app_init ] --START--
INFO: Run Behavior\BuildLiteBehavior [ RunTime:0.000011s ]
INFO: [ app_init ] --END-- [ RunTime:0.000229s ]
INFO: [ app_begin ] --START--
INFO: Run Behavior\ReadHtmlCacheBehavior [ RunTime:0.000313s ]
INFO: [ app_begin ] --END-- [ RunTime:0.000355s ]
SQL: SHOW COLUMNS FROM `ms_member` [ RunTime:0.0007s ]
SQL: SELECT * FROM `ms_member` WHERE ( token='8bb72bc6e58e2270111ae0da358bba1b' ) LIMIT 1   [ RunTime:0.0001s ]

[ 2016-04-21T00:15:00+08:00 ] 127.0.0.1 /m/Index/profile.html?token=8bb72bc6e58e2270111ae0da358bba1b
INFO: [ app_init ] --START--
INFO: Run Behavior\BuildLiteBehavior [ RunTime:0.000010s ]
INFO: [ app_init ] --END-- [ RunTime:0.000229s ]
INFO: [ app_begin ] --START--
INFO: Run Behavior\ReadHtmlCacheBehavior [ RunTime:0.000252s ]
INFO: [ app_begin ] --END-- [ RunTime:0.000284s ]
SQL: SHOW COLUMNS FROM `ms_member` [ RunTime:0.0006s ]
SQL: SELECT * FROM `ms_member` WHERE ( token='8bb72bc6e58e2270111ae0da358bba1b' ) LIMIT 1   [ RunTime:0.0001s ]
INFO: [ view_parse ] --START--
INFO: [ template_filter ] --START--
INFO: Run Behavior\ContentReplaceBehavior [ RunTime:0.000042s ]
INFO: [ template_filter ] --END-- [ RunTime:0.000081s ]
INFO: Run Behavior\ParseTemplateBehavior [ RunTime:0.004410s ]
INFO: [ view_parse ] --END-- [ RunTime:0.004450s ]
INFO: [ view_filter ] --START--
INFO: Run Behavior\WriteHtmlCacheBehavior [ RunTime:0.000093s ]
INFO: [ view_filter ] --END-- [ RunTime:0.000114s ]
INFO: [ app_end ] --START--
INFO: Run Behavior\ShowPageTraceBehavior [ RunTime:0.000316s ]
INFO: [ app_end ] --END-- [ RunTime:0.000362s ]

[ 2016-04-21T00:15:00+08:00 ] 127.0.0.1 /m/Index/verify_c.html?token=8bb72bc6e58e2270111ae0da358bba1b
INFO: [ app_init ] --START--
INFO: Run Behavior\BuildLiteBehavior [ RunTime:0.000011s ]
INFO: [ app_init ] --END-- [ RunTime:0.000237s ]
INFO: [ app_begin ] --START--
INFO: Run Behavior\ReadHtmlCacheBehavior [ RunTime:0.000284s ]
INFO: [ app_begin ] --END-- [ RunTime:0.000324s ]
SQL: SHOW COLUMNS FROM `ms_member` [ RunTime:0.0006s ]
SQL: SELECT * FROM `ms_member` WHERE ( token='8bb72bc6e58e2270111ae0da358bba1b' ) LIMIT 1   [ RunTime:0.0001s ]
INFO: [ app_end ] --START--
INFO: Run Behavior\ShowPageTraceBehavior [ RunTime:0.000399s ]
INFO: [ app_end ] --END-- [ RunTime:0.000457s ]

[ 2016-04-21T00:15:00+08:00 ] 127.0.0.1 /m/Index/verify_c.html?token=8bb72bc6e58e2270111ae0da358bba1b
INFO: [ app_init ] --START--
INFO: Run Behavior\BuildLiteBehavior [ RunTime:0.000011s ]
INFO: [ app_init ] --END-- [ RunTime:0.000249s ]
INFO: [ app_begin ] --START--
INFO: Run Behavior\ReadHtmlCacheBehavior [ RunTime:0.001068s ]
INFO: [ app_begin ] --END-- [ RunTime:0.001140s ]
SQL: SHOW COLUMNS FROM `ms_member` [ RunTime:0.0009s ]
SQL: SELECT * FROM `ms_member` WHERE ( token='8bb72bc6e58e2270111ae0da358bba1b' ) LIMIT 1   [ RunTime:0.0002s ]
INFO: [ app_end ] --START--
INFO: Run Behavior\ShowPageTraceBehavior [ RunTime:0.000432s ]
INFO: [ app_end ] --END-- [ RunTime:0.000513s ]

[ 2016-04-21T00:15:17+08:00 ] 127.0.0.1 /m/Index/getVerifyCode.html?token=8bb72bc6e58e2270111ae0da358bba1b
INFO: [ app_init ] --START--
INFO: Run Behavior\BuildLiteBehavior [ RunTime:0.000017s ]
INFO: [ app_init ] --END-- [ RunTime:0.000399s ]
INFO: [ app_begin ] --START--
INFO: Run Behavior\ReadHtmlCacheBehavior [ RunTime:0.000438s ]
INFO: [ app_begin ] --END-- [ RunTime:0.000504s ]
SQL: SHOW COLUMNS FROM `ms_member` [ RunTime:0.0007s ]
SQL: SELECT * FROM `ms_member` WHERE ( token='8bb72bc6e58e2270111ae0da358bba1b' ) LIMIT 1   [ RunTime:0.0001s ]

[ 2016-04-21T00:15:21+08:00 ] 127.0.0.1 /m/Index/verify_c.html?token=8bb72bc6e58e2270111ae0da358bba1b&random=0.15921314726873637
INFO: [ app_init ] --START--
INFO: Run Behavior\BuildLiteBehavior [ RunTime:0.000008s ]
INFO: [ app_init ] --END-- [ RunTime:0.000240s ]
INFO: [ app_begin ] --START--
INFO: Run Behavior\ReadHtmlCacheBehavior [ RunTime:0.000243s ]
INFO: [ app_begin ] --END-- [ RunTime:0.000273s ]
SQL: SHOW COLUMNS FROM `ms_member` [ RunTime:0.0006s ]
SQL: SELECT * FROM `ms_member` WHERE ( token='8bb72bc6e58e2270111ae0da358bba1b' ) LIMIT 1   [ RunTime:0.0001s ]
INFO: [ app_end ] --START--
INFO: Run Behavior\ShowPageTraceBehavior [ RunTime:0.000475s ]
INFO: [ app_end ] --END-- [ RunTime:0.000532s ]

[ 2016-04-21T00:15:27+08:00 ] 127.0.0.1 /m/Index/getVerifyCode.html?token=8bb72bc6e58e2270111ae0da358bba1b
INFO: [ app_init ] --START--
INFO: Run Behavior\BuildLiteBehavior [ RunTime:0.000009s ]
INFO: [ app_init ] --END-- [ RunTime:0.000201s ]
INFO: [ app_begin ] --START--
INFO: Run Behavior\ReadHtmlCacheBehavior [ RunTime:0.000247s ]
INFO: [ app_begin ] --END-- [ RunTime:0.000277s ]
SQL: SHOW COLUMNS FROM `ms_member` [ RunTime:0.0006s ]
SQL: SELECT * FROM `ms_member` WHERE ( token='8bb72bc6e58e2270111ae0da358bba1b' ) LIMIT 1   [ RunTime:0.0001s ]

[ 2016-04-21T00:16:13+08:00 ] 127.0.0.1 /m/Index/profile.html?token=8bb72bc6e58e2270111ae0da358bba1b
INFO: [ app_init ] --START--
INFO: Run Behavior\BuildLiteBehavior [ RunTime:0.000017s ]
INFO: [ app_init ] --END-- [ RunTime:0.000372s ]
INFO: [ app_begin ] --START--
INFO: Run Behavior\ReadHtmlCacheBehavior [ RunTime:0.000451s ]
INFO: [ app_begin ] --END-- [ RunTime:0.000503s ]
SQL: SHOW COLUMNS FROM `ms_member` [ RunTime:0.0007s ]
SQL: SELECT * FROM `ms_member` WHERE ( token='8bb72bc6e58e2270111ae0da358bba1b' ) LIMIT 1   [ RunTime:0.0001s ]
INFO: [ view_parse ] --START--
INFO: [ template_filter ] --START--
INFO: Run Behavior\ContentReplaceBehavior [ RunTime:0.000037s ]
INFO: [ template_filter ] --END-- [ RunTime:0.000074s ]
INFO: Run Behavior\ParseTemplateBehavior [ RunTime:0.004757s ]
INFO: [ view_parse ] --END-- [ RunTime:0.004794s ]
INFO: [ view_filter ] --START--
INFO: Run Behavior\WriteHtmlCacheBehavior [ RunTime:0.000088s ]
INFO: [ view_filter ] --END-- [ RunTime:0.000110s ]
INFO: [ app_end ] --START--
INFO: Run Behavior\ShowPageTraceBehavior [ RunTime:0.000262s ]
INFO: [ app_end ] --END-- [ RunTime:0.000288s ]

[ 2016-04-21T00:16:14+08:00 ] 127.0.0.1 /m/Index/verify_c.html?token=8bb72bc6e58e2270111ae0da358bba1b
INFO: [ app_init ] --START--
INFO: Run Behavior\BuildLiteBehavior [ RunTime:0.000013s ]
INFO: [ app_init ] --END-- [ RunTime:0.000343s ]
INFO: [ app_begin ] --START--
INFO: Run Behavior\ReadHtmlCacheBehavior [ RunTime:0.000428s ]
INFO: [ app_begin ] --END-- [ RunTime:0.000484s ]
SQL: SHOW COLUMNS FROM `ms_member` [ RunTime:0.0010s ]
SQL: SELECT * FROM `ms_member` WHERE ( token='8bb72bc6e58e2270111ae0da358bba1b' ) LIMIT 1   [ RunTime:0.0002s ]
INFO: [ app_end ] --START--
INFO: Run Behavior\ShowPageTraceBehavior [ RunTime:0.000623s ]
INFO: [ app_end ] --END-- [ RunTime:0.000712s ]

[ 2016-04-21T00:16:14+08:00 ] 127.0.0.1 /m/Index/verify_c.html?token=8bb72bc6e58e2270111ae0da358bba1b
INFO: [ app_init ] --START--
INFO: Run Behavior\BuildLiteBehavior [ RunTime:0.000019s ]
INFO: [ app_init ] --END-- [ RunTime:0.000603s ]
INFO: [ app_begin ] --START--
INFO: Run Behavior\ReadHtmlCacheBehavior [ RunTime:0.000771s ]
INFO: [ app_begin ] --END-- [ RunTime:0.000935s ]
SQL: SHOW COLUMNS FROM `ms_member` [ RunTime:0.0009s ]
SQL: SELECT * FROM `ms_member` WHERE ( token='8bb72bc6e58e2270111ae0da358bba1b' ) LIMIT 1   [ RunTime:0.0002s ]
INFO: [ app_end ] --START--
INFO: Run Behavior\ShowPageTraceBehavior [ RunTime:0.000716s ]
INFO: [ app_end ] --END-- [ RunTime:0.000820s ]

[ 2016-04-21T00:16:26+08:00 ] 127.0.0.1 /m/Index/getVerifyCode.html?token=8bb72bc6e58e2270111ae0da358bba1b
INFO: [ app_init ] --START--
INFO: Run Behavior\BuildLiteBehavior [ RunTime:0.000010s ]
INFO: [ app_init ] --END-- [ RunTime:0.000246s ]
INFO: [ app_begin ] --START--
INFO: Run Behavior\ReadHtmlCacheBehavior [ RunTime:0.000273s ]
INFO: [ app_begin ] --END-- [ RunTime:0.000306s ]
SQL: SHOW COLUMNS FROM `ms_member` [ RunTime:0.0005s ]
SQL: SELECT * FROM `ms_member` WHERE ( token='8bb72bc6e58e2270111ae0da358bba1b' ) LIMIT 1   [ RunTime:0.0001s ]

[ 2016-04-21T00:16:29+08:00 ] 127.0.0.1 /m/Index/verify_c.html?token=8bb72bc6e58e2270111ae0da358bba1b&random=0.2062259170485239
INFO: [ app_init ] --START--
INFO: Run Behavior\BuildLiteBehavior [ RunTime:0.000010s ]
INFO: [ app_init ] --END-- [ RunTime:0.000206s ]
INFO: [ app_begin ] --START--
INFO: Run Behavior\ReadHtmlCacheBehavior [ RunTime:0.000257s ]
INFO: [ app_begin ] --END-- [ RunTime:0.000291s ]
SQL: SHOW COLUMNS FROM `ms_member` [ RunTime:0.0005s ]
SQL: SELECT * FROM `ms_member` WHERE ( token='8bb72bc6e58e2270111ae0da358bba1b' ) LIMIT 1   [ RunTime:0.0001s ]
INFO: [ app_end ] --START--
INFO: Run Behavior\ShowPageTraceBehavior [ RunTime:0.000318s ]
INFO: [ app_end ] --END-- [ RunTime:0.000359s ]

[ 2016-04-21T00:16:34+08:00 ] 127.0.0.1 /m/Index/getVerifyCode.html?token=8bb72bc6e58e2270111ae0da358bba1b
INFO: [ app_init ] --START--
INFO: Run Behavior\BuildLiteBehavior [ RunTime:0.000009s ]
INFO: [ app_init ] --END-- [ RunTime:0.000202s ]
INFO: [ app_begin ] --START--
INFO: Run Behavior\ReadHtmlCacheBehavior [ RunTime:0.000246s ]
INFO: [ app_begin ] --END-- [ RunTime:0.000277s ]
SQL: SHOW COLUMNS FROM `ms_member` [ RunTime:0.0006s ]
SQL: SELECT * FROM `ms_member` WHERE ( token='8bb72bc6e58e2270111ae0da358bba1b' ) LIMIT 1   [ RunTime:0.0001s ]

[ 2016-04-21T00:18:04+08:00 ] 127.0.0.1 /m/Index/getVerifyCode.html?token=8bb72bc6e58e2270111ae0da358bba1b
INFO: [ app_init ] --START--
INFO: Run Behavior\BuildLiteBehavior [ RunTime:0.000009s ]
INFO: [ app_init ] --END-- [ RunTime:0.000220s ]
INFO: [ app_begin ] --START--
INFO: Run Behavior\ReadHtmlCacheBehavior [ RunTime:0.000240s ]
INFO: [ app_begin ] --END-- [ RunTime:0.000270s ]
SQL: SHOW COLUMNS FROM `ms_member` [ RunTime:0.0005s ]
SQL: SELECT * FROM `ms_member` WHERE ( token='8bb72bc6e58e2270111ae0da358bba1b' ) LIMIT 1   [ RunTime:0.0001s ]

[ 2016-04-21T00:18:17+08:00 ] 127.0.0.1 /m/Index/verify_c.html?token=8bb72bc6e58e2270111ae0da358bba1b&random=0.0058947572541769855
INFO: [ app_init ] --START--
INFO: Run Behavior\BuildLiteBehavior [ RunTime:0.000009s ]
INFO: [ app_init ] --END-- [ RunTime:0.000243s ]
INFO: [ app_begin ] --START--
INFO: Run Behavior\ReadHtmlCacheBehavior [ RunTime:0.000241s ]
INFO: [ app_begin ] --END-- [ RunTime:0.000272s ]
SQL: SHOW COLUMNS FROM `ms_member` [ RunTime:0.0005s ]
SQL: SELECT * FROM `ms_member` WHERE ( token='8bb72bc6e58e2270111ae0da358bba1b' ) LIMIT 1   [ RunTime:0.0001s ]
INFO: [ app_end ] --START--
INFO: Run Behavior\ShowPageTraceBehavior [ RunTime:0.000323s ]
INFO: [ app_end ] --END-- [ RunTime:0.000368s ]

[ 2016-04-21T00:18:28+08:00 ] 127.0.0.1 /m/Index/getVerifyCode.html?token=8bb72bc6e58e2270111ae0da358bba1b
INFO: [ app_init ] --START--
INFO: Run Behavior\BuildLiteBehavior [ RunTime:0.000011s ]
INFO: [ app_init ] --END-- [ RunTime:0.000206s ]
INFO: [ app_begin ] --START--
INFO: Run Behavior\ReadHtmlCacheBehavior [ RunTime:0.000250s ]
INFO: [ app_begin ] --END-- [ RunTime:0.000280s ]
SQL: SHOW COLUMNS FROM `ms_member` [ RunTime:0.0006s ]
SQL: SELECT * FROM `ms_member` WHERE ( token='8bb72bc6e58e2270111ae0da358bba1b' ) LIMIT 1   [ RunTime:0.0001s ]

[ 2016-04-21T00:18:53+08:00 ] 127.0.0.1 /m/Index/verify_c.html?token=8bb72bc6e58e2270111ae0da358bba1b&random=0.3993039010997923
INFO: [ app_init ] --START--
INFO: Run Behavior\BuildLiteBehavior [ RunTime:0.000015s ]
INFO: [ app_init ] --END-- [ RunTime:0.000303s ]
INFO: [ app_begin ] --START--
INFO: Run Behavior\ReadHtmlCacheBehavior [ RunTime:0.000325s ]
INFO: [ app_begin ] --END-- [ RunTime:0.000363s ]
SQL: SHOW COLUMNS FROM `ms_member` [ RunTime:0.0006s ]
SQL: SELECT * FROM `ms_member` WHERE ( token='8bb72bc6e58e2270111ae0da358bba1b' ) LIMIT 1   [ RunTime:0.0001s ]
INFO: [ app_end ] --START--
INFO: Run Behavior\ShowPageTraceBehavior [ RunTime:0.000337s ]
INFO: [ app_end ] --END-- [ RunTime:0.000385s ]

[ 2016-04-21T00:19:01+08:00 ] 127.0.0.1 /m/Index/getVerifyCode.html?token=8bb72bc6e58e2270111ae0da358bba1b
INFO: [ app_init ] --START--
INFO: Run Behavior\BuildLiteBehavior [ RunTime:0.000008s ]
INFO: [ app_init ] --END-- [ RunTime:0.000214s ]
INFO: [ app_begin ] --START--
INFO: Run Behavior\ReadHtmlCacheBehavior [ RunTime:0.000244s ]
INFO: [ app_begin ] --END-- [ RunTime:0.000273s ]
SQL: SHOW COLUMNS FROM `ms_member` [ RunTime:0.0006s ]
SQL: SELECT * FROM `ms_member` WHERE ( token='8bb72bc6e58e2270111ae0da358bba1b' ) LIMIT 1   [ RunTime:0.0001s ]

[ 2016-04-21T00:19:12+08:00 ] 127.0.0.1 /m/Index/profile.html?token=8bb72bc6e58e2270111ae0da358bba1b
INFO: [ app_init ] --START--
INFO: Run Behavior\BuildLiteBehavior [ RunTime:0.000016s ]
INFO: [ app_init ] --END-- [ RunTime:0.000380s ]
INFO: [ app_begin ] --START--
INFO: Run Behavior\ReadHtmlCacheBehavior [ RunTime:0.000510s ]
INFO: [ app_begin ] --END-- [ RunTime:0.000578s ]
SQL: SHOW COLUMNS FROM `ms_member` [ RunTime:0.0005s ]
SQL: SELECT * FROM `ms_member` WHERE ( token='8bb72bc6e58e2270111ae0da358bba1b' ) LIMIT 1   [ RunTime:0.0001s ]
INFO: [ view_parse ] --START--
INFO: [ template_filter ] --START--
INFO: Run Behavior\ContentReplaceBehavior [ RunTime:0.000047s ]
INFO: [ template_filter ] --END-- [ RunTime:0.000096s ]
INFO: Run Behavior\ParseTemplateBehavior [ RunTime:0.005320s ]
INFO: [ view_parse ] --END-- [ RunTime:0.005365s ]
INFO: [ view_filter ] --START--
INFO: Run Behavior\WriteHtmlCacheBehavior [ RunTime:0.000135s ]
INFO: [ view_filter ] --END-- [ RunTime:0.000163s ]
INFO: [ app_end ] --START--
INFO: Run Behavior\ShowPageTraceBehavior [ RunTime:0.000447s ]
INFO: [ app_end ] --END-- [ RunTime:0.000540s ]

[ 2016-04-21T00:19:12+08:00 ] 127.0.0.1 /m/Index/verify_c.html?token=8bb72bc6e58e2270111ae0da358bba1b
INFO: [ app_init ] --START--
INFO: Run Behavior\BuildLiteBehavior [ RunTime:0.000012s ]
INFO: [ app_init ] --END-- [ RunTime:0.000234s ]
INFO: [ app_begin ] --START--
INFO: Run Behavior\ReadHtmlCacheBehavior [ RunTime:0.000284s ]
INFO: [ app_begin ] --END-- [ RunTime:0.000322s ]
SQL: SHOW COLUMNS FROM `ms_member` [ RunTime:0.0006s ]
SQL: SELECT * FROM `ms_member` WHERE ( token='8bb72bc6e58e2270111ae0da358bba1b' ) LIMIT 1   [ RunTime:0.0001s ]
INFO: [ app_end ] --START--
INFO: Run Behavior\ShowPageTraceBehavior [ RunTime:0.000401s ]
INFO: [ app_end ] --END-- [ RunTime:0.000455s ]

[ 2016-04-21T00:22:23+08:00 ] 127.0.0.1 /m/Index/profile.html?token=8bb72bc6e58e2270111ae0da358bba1b
INFO: [ app_init ] --START--
INFO: Run Behavior\BuildLiteBehavior [ RunTime:0.000019s ]
INFO: [ app_init ] --END-- [ RunTime:0.000271s ]
INFO: [ app_begin ] --START--
INFO: Run Behavior\ReadHtmlCacheBehavior [ RunTime:0.000620s ]
INFO: [ app_begin ] --END-- [ RunTime:0.000717s ]
SQL: SHOW COLUMNS FROM `ms_member` [ RunTime:0.0007s ]
SQL: SELECT * FROM `ms_member` WHERE ( token='8bb72bc6e58e2270111ae0da358bba1b' ) LIMIT 1   [ RunTime:0.0001s ]
INFO: [ view_parse ] --START--
INFO: [ template_filter ] --START--
INFO: Run Behavior\ContentReplaceBehavior [ RunTime:0.000051s ]
INFO: [ template_filter ] --END-- [ RunTime:0.000101s ]
INFO: Run Behavior\ParseTemplateBehavior [ RunTime:0.008558s ]
INFO: [ view_parse ] --END-- [ RunTime:0.008605s ]
INFO: [ view_filter ] --START--
INFO: Run Behavior\WriteHtmlCacheBehavior [ RunTime:0.000124s ]
INFO: [ view_filter ] --END-- [ RunTime:0.000150s ]
INFO: [ app_end ] --START--
INFO: Run Behavior\ShowPageTraceBehavior [ RunTime:0.000355s ]
INFO: [ app_end ] --END-- [ RunTime:0.000385s ]

[ 2016-04-21T00:22:23+08:00 ] 127.0.0.1 /m/Index/verify_c.html?token=8bb72bc6e58e2270111ae0da358bba1b
INFO: [ app_init ] --START--
INFO: Run Behavior\BuildLiteBehavior [ RunTime:0.000018s ]
INFO: [ app_init ] --END-- [ RunTime:0.000403s ]
INFO: [ app_begin ] --START--
INFO: Run Behavior\ReadHtmlCacheBehavior [ RunTime:0.000804s ]
INFO: [ app_begin ] --END-- [ RunTime:0.001097s ]
SQL: SHOW COLUMNS FROM `ms_member` [ RunTime:0.0009s ]
SQL: SELECT * FROM `ms_member` WHERE ( token='8bb72bc6e58e2270111ae0da358bba1b' ) LIMIT 1   [ RunTime:0.0002s ]
INFO: [ app_end ] --START--
INFO: Run Behavior\ShowPageTraceBehavior [ RunTime:0.000580s ]
INFO: [ app_end ] --END-- [ RunTime:0.000673s ]

[ 2016-04-21T00:22:30+08:00 ] 127.0.0.1 /m/Index/verify_c.html?token=8bb72bc6e58e2270111ae0da358bba1b&random=0.23097273875402835
INFO: [ app_init ] --START--
INFO: Run Behavior\BuildLiteBehavior [ RunTime:0.000010s ]
INFO: [ app_init ] --END-- [ RunTime:0.000227s ]
INFO: [ app_begin ] --START--
INFO: Run Behavior\ReadHtmlCacheBehavior [ RunTime:0.000458s ]
INFO: [ app_begin ] --END-- [ RunTime:0.000664s ]
SQL: SHOW COLUMNS FROM `ms_member` [ RunTime:0.0005s ]
SQL: SELECT * FROM `ms_member` WHERE ( token='8bb72bc6e58e2270111ae0da358bba1b' ) LIMIT 1   [ RunTime:0.0001s ]
INFO: [ app_end ] --START--
INFO: Run Behavior\ShowPageTraceBehavior [ RunTime:0.000490s ]
INFO: [ app_end ] --END-- [ RunTime:0.000555s ]

[ 2016-04-21T00:22:36+08:00 ] 127.0.0.1 /m/Index/getVerifyCode.html?token=8bb72bc6e58e2270111ae0da358bba1b
INFO: [ app_init ] --START--
INFO: Run Behavior\BuildLiteBehavior [ RunTime:0.000010s ]
INFO: [ app_init ] --END-- [ RunTime:0.000219s ]
INFO: [ app_begin ] --START--
INFO: Run Behavior\ReadHtmlCacheBehavior [ RunTime:0.000247s ]
INFO: [ app_begin ] --END-- [ RunTime:0.000278s ]
SQL: SHOW COLUMNS FROM `ms_member` [ RunTime:0.0006s ]
SQL: SELECT * FROM `ms_member` WHERE ( token='8bb72bc6e58e2270111ae0da358bba1b' ) LIMIT 1   [ RunTime:0.0001s ]

[ 2016-04-21T00:24:36+08:00 ] 127.0.0.1 /m/Index/profile.html?token=8bb72bc6e58e2270111ae0da358bba1b
INFO: [ app_init ] --START--
INFO: Run Behavior\BuildLiteBehavior [ RunTime:0.000014s ]
INFO: [ app_init ] --END-- [ RunTime:0.000299s ]
INFO: [ app_begin ] --START--
INFO: Run Behavior\ReadHtmlCacheBehavior [ RunTime:0.000331s ]
INFO: [ app_begin ] --END-- [ RunTime:0.000379s ]
SQL: SHOW COLUMNS FROM `ms_member` [ RunTime:0.0006s ]
SQL: SELECT * FROM `ms_member` WHERE ( token='8bb72bc6e58e2270111ae0da358bba1b' ) LIMIT 1   [ RunTime:0.0001s ]
INFO: [ view_parse ] --START--
INFO: [ template_filter ] --START--
INFO: Run Behavior\ContentReplaceBehavior [ RunTime:0.000051s ]
INFO: [ template_filter ] --END-- [ RunTime:0.000100s ]
INFO: Run Behavior\ParseTemplateBehavior [ RunTime:0.008604s ]
INFO: [ view_parse ] --END-- [ RunTime:0.008645s ]
INFO: [ view_filter ] --START--
INFO: Run Behavior\WriteHtmlCacheBehavior [ RunTime:0.000118s ]
INFO: [ view_filter ] --END-- [ RunTime:0.000144s ]
INFO: [ app_end ] --START--
INFO: Run Behavior\ShowPageTraceBehavior [ RunTime:0.000322s ]
INFO: [ app_end ] --END-- [ RunTime:0.000355s ]

[ 2016-04-21T00:24:36+08:00 ] 127.0.0.1 /m/Index/verify_c.html?token=8bb72bc6e58e2270111ae0da358bba1b
INFO: [ app_init ] --START--
INFO: Run Behavior\BuildLiteBehavior [ RunTime:0.000011s ]
INFO: [ app_init ] --END-- [ RunTime:0.000257s ]
INFO: [ app_begin ] --START--
INFO: Run Behavior\ReadHtmlCacheBehavior [ RunTime:0.000283s ]
INFO: [ app_begin ] --END-- [ RunTime:0.000320s ]
SQL: SHOW COLUMNS FROM `ms_member` [ RunTime:0.0008s ]
SQL: SELECT * FROM `ms_member` WHERE ( token='8bb72bc6e58e2270111ae0da358bba1b' ) LIMIT 1   [ RunTime:0.0003s ]
INFO: [ app_end ] --START--
INFO: Run Behavior\ShowPageTraceBehavior [ RunTime:0.000656s ]
INFO: [ app_end ] --END-- [ RunTime:0.000803s ]

[ 2016-04-21T00:24:48+08:00 ] 127.0.0.1 /m/Index/getVerifyCode.html?token=8bb72bc6e58e2270111ae0da358bba1b
INFO: [ app_init ] --START--
INFO: Run Behavior\BuildLiteBehavior [ RunTime:0.000011s ]
INFO: [ app_init ] --END-- [ RunTime:0.000207s ]
INFO: [ app_begin ] --START--
INFO: Run Behavior\ReadHtmlCacheBehavior [ RunTime:0.000246s ]
INFO: [ app_begin ] --END-- [ RunTime:0.000288s ]
SQL: SHOW COLUMNS FROM `ms_member` [ RunTime:0.0006s ]
SQL: SELECT * FROM `ms_member` WHERE ( token='8bb72bc6e58e2270111ae0da358bba1b' ) LIMIT 1   [ RunTime:0.0001s ]

[ 2016-04-21T00:29:13+08:00 ] 127.0.0.1 /m/Index/profile.html?token=8bb72bc6e58e2270111ae0da358bba1b
INFO: [ app_init ] --START--
INFO: Run Behavior\BuildLiteBehavior [ RunTime:0.000017s ]
INFO: [ app_init ] --END-- [ RunTime:0.000388s ]
INFO: [ app_begin ] --START--
INFO: Run Behavior\ReadHtmlCacheBehavior [ RunTime:0.000499s ]
INFO: [ app_begin ] --END-- [ RunTime:0.000578s ]
SQL: SHOW COLUMNS FROM `ms_member` [ RunTime:0.0009s ]
SQL: SELECT * FROM `ms_member` WHERE ( token='8bb72bc6e58e2270111ae0da358bba1b' ) LIMIT 1   [ RunTime:0.0002s ]
INFO: [ view_parse ] --START--
INFO: [ template_filter ] --START--
INFO: Run Behavior\ContentReplaceBehavior [ RunTime:0.000209s ]
INFO: [ template_filter ] --END-- [ RunTime:0.000435s ]
INFO: Run Behavior\ParseTemplateBehavior [ RunTime:0.007577s ]
INFO: [ view_parse ] --END-- [ RunTime:0.007634s ]
INFO: [ view_filter ] --START--
INFO: Run Behavior\WriteHtmlCacheBehavior [ RunTime:0.000110s ]
INFO: [ view_filter ] --END-- [ RunTime:0.000133s ]
INFO: [ app_end ] --START--
INFO: Run Behavior\ShowPageTraceBehavior [ RunTime:0.000339s ]
INFO: [ app_end ] --END-- [ RunTime:0.000365s ]

[ 2016-04-21T00:29:13+08:00 ] 127.0.0.1 /m/Index/verify_c.html?token=8bb72bc6e58e2270111ae0da358bba1b
INFO: [ app_init ] --START--
INFO: Run Behavior\BuildLiteBehavior [ RunTime:0.000011s ]
INFO: [ app_init ] --END-- [ RunTime:0.000307s ]
INFO: [ app_begin ] --START--
INFO: Run Behavior\ReadHtmlCacheBehavior [ RunTime:0.000322s ]
INFO: [ app_begin ] --END-- [ RunTime:0.000367s ]
SQL: SHOW COLUMNS FROM `ms_member` [ RunTime:0.0008s ]
SQL: SELECT * FROM `ms_member` WHERE ( token='8bb72bc6e58e2270111ae0da358bba1b' ) LIMIT 1   [ RunTime:0.0001s ]
INFO: [ app_end ] --START--
INFO: Run Behavior\ShowPageTraceBehavior [ RunTime:0.000507s ]
INFO: [ app_end ] --END-- [ RunTime:0.000577s ]

[ 2016-04-21T00:29:13+08:00 ] 127.0.0.1 /m/Index/verify_c.html?token=8bb72bc6e58e2270111ae0da358bba1b
INFO: [ app_init ] --START--
INFO: Run Behavior\BuildLiteBehavior [ RunTime:0.000015s ]
INFO: [ app_init ] --END-- [ RunTime:0.000390s ]
INFO: [ app_begin ] --START--
INFO: Run Behavior\ReadHtmlCacheBehavior [ RunTime:0.000457s ]
INFO: [ app_begin ] --END-- [ RunTime:0.000509s ]
SQL: SHOW COLUMNS FROM `ms_member` [ RunTime:0.0006s ]
SQL: SELECT * FROM `ms_member` WHERE ( token='8bb72bc6e58e2270111ae0da358bba1b' ) LIMIT 1   [ RunTime:0.0001s ]
INFO: [ app_end ] --START--
INFO: Run Behavior\ShowPageTraceBehavior [ RunTime:0.000517s ]
INFO: [ app_end ] --END-- [ RunTime:0.000580s ]

[ 2016-04-21T00:29:25+08:00 ] 127.0.0.1 /m/Index/verify_c.html?token=8bb72bc6e58e2270111ae0da358bba1b&random=0.09811308495376525
INFO: [ app_init ] --START--
INFO: Run Behavior\BuildLiteBehavior [ RunTime:0.000009s ]
INFO: [ app_init ] --END-- [ RunTime:0.000263s ]
INFO: [ app_begin ] --START--
INFO: Run Behavior\ReadHtmlCacheBehavior [ RunTime:0.000264s ]
INFO: [ app_begin ] --END-- [ RunTime:0.000298s ]
SQL: SHOW COLUMNS FROM `ms_member` [ RunTime:0.0006s ]
SQL: SELECT * FROM `ms_member` WHERE ( token='8bb72bc6e58e2270111ae0da358bba1b' ) LIMIT 1   [ RunTime:0.0001s ]
INFO: [ app_end ] --START--
INFO: Run Behavior\ShowPageTraceBehavior [ RunTime:0.000313s ]
INFO: [ app_end ] --END-- [ RunTime:0.000349s ]

[ 2016-04-21T00:29:31+08:00 ] 127.0.0.1 /m/Index/getVerifyCode.html?token=8bb72bc6e58e2270111ae0da358bba1b
INFO: [ app_init ] --START--
INFO: Run Behavior\BuildLiteBehavior [ RunTime:0.000009s ]
INFO: [ app_init ] --END-- [ RunTime:0.000197s ]
INFO: [ app_begin ] --START--
INFO: Run Behavior\ReadHtmlCacheBehavior [ RunTime:0.000392s ]
INFO: [ app_begin ] --END-- [ RunTime:0.000525s ]
SQL: SHOW COLUMNS FROM `ms_member` [ RunTime:0.0006s ]
SQL: SELECT * FROM `ms_member` WHERE ( token='8bb72bc6e58e2270111ae0da358bba1b' ) LIMIT 1   [ RunTime:0.0001s ]

[ 2016-04-21T00:31:55+08:00 ] 127.0.0.1 /m/Index/verify_c.html?token=8bb72bc6e58e2270111ae0da358bba1b&random=0.6282871288326806
INFO: [ app_init ] --START--
INFO: Run Behavior\BuildLiteBehavior [ RunTime:0.000010s ]
INFO: [ app_init ] --END-- [ RunTime:0.000238s ]
INFO: [ app_begin ] --START--
INFO: Run Behavior\ReadHtmlCacheBehavior [ RunTime:0.000318s ]
INFO: [ app_begin ] --END-- [ RunTime:0.000354s ]
SQL: SHOW COLUMNS FROM `ms_member` [ RunTime:0.0006s ]
SQL: SELECT * FROM `ms_member` WHERE ( token='8bb72bc6e58e2270111ae0da358bba1b' ) LIMIT 1   [ RunTime:0.0001s ]
INFO: [ app_end ] --START--
INFO: Run Behavior\ShowPageTraceBehavior [ RunTime:0.000311s ]
INFO: [ app_end ] --END-- [ RunTime:0.000353s ]

[ 2016-04-21T00:32:01+08:00 ] 127.0.0.1 /m/Index/getVerifyCode.html?token=8bb72bc6e58e2270111ae0da358bba1b
INFO: [ app_init ] --START--
INFO: Run Behavior\BuildLiteBehavior [ RunTime:0.000008s ]
INFO: [ app_init ] --END-- [ RunTime:0.000205s ]
INFO: [ app_begin ] --START--
INFO: Run Behavior\ReadHtmlCacheBehavior [ RunTime:0.000257s ]
INFO: [ app_begin ] --END-- [ RunTime:0.000288s ]
SQL: SHOW COLUMNS FROM `ms_member` [ RunTime:0.0006s ]
SQL: SELECT * FROM `ms_member` WHERE ( token='8bb72bc6e58e2270111ae0da358bba1b' ) LIMIT 1   [ RunTime:0.0001s ]

[ 2016-04-21T00:33:04+08:00 ] 127.0.0.1 /m/Index/getVerifyCode.html?token=8bb72bc6e58e2270111ae0da358bba1b
INFO: [ app_init ] --START--
INFO: Run Behavior\BuildLiteBehavior [ RunTime:0.000015s ]
INFO: [ app_init ] --END-- [ RunTime:0.000296s ]
INFO: [ app_begin ] --START--
INFO: Run Behavior\ReadHtmlCacheBehavior [ RunTime:0.000308s ]
INFO: [ app_begin ] --END-- [ RunTime:0.000367s ]
SQL: SHOW COLUMNS FROM `ms_member` [ RunTime:0.0006s ]
SQL: SELECT * FROM `ms_member` WHERE ( token='8bb72bc6e58e2270111ae0da358bba1b' ) LIMIT 1   [ RunTime:0.0001s ]

[ 2016-04-21T00:33:08+08:00 ] 127.0.0.1 /m/Index/verify_c.html?token=8bb72bc6e58e2270111ae0da358bba1b&random=0.584067950913101
INFO: [ app_init ] --START--
INFO: Run Behavior\BuildLiteBehavior [ RunTime:0.000009s ]
INFO: [ app_init ] --END-- [ RunTime:0.000233s ]
INFO: [ app_begin ] --START--
INFO: Run Behavior\ReadHtmlCacheBehavior [ RunTime:0.000243s ]
INFO: [ app_begin ] --END-- [ RunTime:0.000275s ]
SQL: SHOW COLUMNS FROM `ms_member` [ RunTime:0.0006s ]
SQL: SELECT * FROM `ms_member` WHERE ( token='8bb72bc6e58e2270111ae0da358bba1b' ) LIMIT 1   [ RunTime:0.0002s ]
INFO: [ app_end ] --START--
INFO: Run Behavior\ShowPageTraceBehavior [ RunTime:0.000322s ]
INFO: [ app_end ] --END-- [ RunTime:0.000364s ]

[ 2016-04-21T00:33:15+08:00 ] 127.0.0.1 /m/Index/getVerifyCode.html?token=8bb72bc6e58e2270111ae0da358bba1b
INFO: [ app_init ] --START--
INFO: Run Behavior\BuildLiteBehavior [ RunTime:0.000009s ]
INFO: [ app_init ] --END-- [ RunTime:0.000236s ]
INFO: [ app_begin ] --START--
INFO: Run Behavior\ReadHtmlCacheBehavior [ RunTime:0.000246s ]
INFO: [ app_begin ] --END-- [ RunTime:0.000277s ]
SQL: SHOW COLUMNS FROM `ms_member` [ RunTime:0.0007s ]
SQL: SELECT * FROM `ms_member` WHERE ( token='8bb72bc6e58e2270111ae0da358bba1b' ) LIMIT 1   [ RunTime:0.0001s ]

[ 2016-04-21T10:12:36+08:00 ] 127.0.0.1 /m/login/login
INFO: [ app_init ] --START--
INFO: Run Behavior\BuildLiteBehavior [ RunTime:0.000016s ]
INFO: [ app_init ] --END-- [ RunTime:0.000478s ]
INFO: [ app_begin ] --START--
INFO: Run Behavior\ReadHtmlCacheBehavior [ RunTime:0.008579s ]
INFO: [ app_begin ] --END-- [ RunTime:0.008651s ]
INFO: [ view_parse ] --START--
INFO: [ template_filter ] --START--
INFO: Run Behavior\ContentReplaceBehavior [ RunTime:0.000040s ]
INFO: [ template_filter ] --END-- [ RunTime:0.000087s ]
INFO: Run Behavior\ParseTemplateBehavior [ RunTime:0.059594s ]
INFO: [ view_parse ] --END-- [ RunTime:0.059651s ]
INFO: [ view_filter ] --START--
INFO: Run Behavior\WriteHtmlCacheBehavior [ RunTime:0.000449s ]
INFO: [ view_filter ] --END-- [ RunTime:0.000490s ]
INFO: [ app_end ] --START--
INFO: Run Behavior\ShowPageTraceBehavior [ RunTime:0.000681s ]
INFO: [ app_end ] --END-- [ RunTime:0.000782s ]

[ 2016-04-21T10:12:59+08:00 ] 127.0.0.1 /m/Index/profile.html?token=8bb72bc6e58e2270111ae0da358bba1b
INFO: [ app_init ] --START--
INFO: Run Behavior\BuildLiteBehavior [ RunTime:0.000011s ]
INFO: [ app_init ] --END-- [ RunTime:0.000270s ]
INFO: [ app_begin ] --START--
INFO: Run Behavior\ReadHtmlCacheBehavior [ RunTime:0.000301s ]
INFO: [ app_begin ] --END-- [ RunTime:0.000335s ]
SQL: SHOW COLUMNS FROM `ms_member` [ RunTime:0.0281s ]
SQL: SELECT * FROM `ms_member` WHERE ( token='8bb72bc6e58e2270111ae0da358bba1b' ) LIMIT 1   [ RunTime:0.0077s ]
INFO: [ view_parse ] --START--
INFO: [ template_filter ] --START--
INFO: Run Behavior\ContentReplaceBehavior [ RunTime:0.000039s ]
INFO: [ template_filter ] --END-- [ RunTime:0.000078s ]
INFO: Run Behavior\ParseTemplateBehavior [ RunTime:0.015590s ]
INFO: [ view_parse ] --END-- [ RunTime:0.015626s ]
INFO: [ view_filter ] --START--
INFO: Run Behavior\WriteHtmlCacheBehavior [ RunTime:0.000094s ]
INFO: [ view_filter ] --END-- [ RunTime:0.000116s ]
INFO: [ app_end ] --START--
INFO: Run Behavior\ShowPageTraceBehavior [ RunTime:0.000290s ]
INFO: [ app_end ] --END-- [ RunTime:0.000316s ]

[ 2016-04-21T10:12:59+08:00 ] 127.0.0.1 /m/Index/verify_c.html?token=8bb72bc6e58e2270111ae0da358bba1b
INFO: [ app_init ] --START--
INFO: Run Behavior\BuildLiteBehavior [ RunTime:0.000016s ]
INFO: [ app_init ] --END-- [ RunTime:0.000374s ]
INFO: [ app_begin ] --START--
INFO: Run Behavior\ReadHtmlCacheBehavior [ RunTime:0.000417s ]
INFO: [ app_begin ] --END-- [ RunTime:0.000466s ]
SQL: SHOW COLUMNS FROM `ms_member` [ RunTime:0.0007s ]
SQL: SELECT * FROM `ms_member` WHERE ( token='8bb72bc6e58e2270111ae0da358bba1b' ) LIMIT 1   [ RunTime:0.0001s ]
INFO: [ app_end ] --START--
INFO: Run Behavior\ShowPageTraceBehavior [ RunTime:0.000423s ]
INFO: [ app_end ] --END-- [ RunTime:0.000484s ]

[ 2016-04-21T10:14:27+08:00 ] 127.0.0.1 /m/Index/getVerifyCode.html?token=8bb72bc6e58e2270111ae0da358bba1b
INFO: [ app_init ] --START--
INFO: Run Behavior\BuildLiteBehavior [ RunTime:0.000010s ]
INFO: [ app_init ] --END-- [ RunTime:0.000247s ]
INFO: [ app_begin ] --START--
INFO: Run Behavior\ReadHtmlCacheBehavior [ RunTime:0.000278s ]
INFO: [ app_begin ] --END-- [ RunTime:0.000312s ]
SQL: SHOW COLUMNS FROM `ms_member` [ RunTime:0.0006s ]
SQL: SELECT * FROM `ms_member` WHERE ( token='8bb72bc6e58e2270111ae0da358bba1b' ) LIMIT 1   [ RunTime:0.0002s ]
NOTIC: [8] Undefined index: port /home/wj/www/thinkphp3.2/membership/ThinkPHP/Common/functions.php 第 1620 行.

[ 2016-04-21T10:15:14+08:00 ] 127.0.0.1 /m/Index/verify_c.html?token=8bb72bc6e58e2270111ae0da358bba1b&random=0.11081781287219239
INFO: [ app_init ] --START--
INFO: Run Behavior\BuildLiteBehavior [ RunTime:0.000017s ]
INFO: [ app_init ] --END-- [ RunTime:0.000441s ]
INFO: [ app_begin ] --START--
INFO: Run Behavior\ReadHtmlCacheBehavior [ RunTime:0.000540s ]
INFO: [ app_begin ] --END-- [ RunTime:0.000619s ]
SQL: SHOW COLUMNS FROM `ms_member` [ RunTime:0.0014s ]
SQL: SELECT * FROM `ms_member` WHERE ( token='8bb72bc6e58e2270111ae0da358bba1b' ) LIMIT 1   [ RunTime:0.0002s ]
INFO: [ app_end ] --START--
INFO: Run Behavior\ShowPageTraceBehavior [ RunTime:0.000457s ]
INFO: [ app_end ] --END-- [ RunTime:0.000523s ]

[ 2016-04-21T10:15:21+08:00 ] 127.0.0.1 /m/Index/getVerifyCode.html?token=8bb72bc6e58e2270111ae0da358bba1b
INFO: [ app_init ] --START--
INFO: Run Behavior\BuildLiteBehavior [ RunTime:0.000010s ]
INFO: [ app_init ] --END-- [ RunTime:0.000250s ]
INFO: [ app_begin ] --START--
INFO: Run Behavior\ReadHtmlCacheBehavior [ RunTime:0.000285s ]
INFO: [ app_begin ] --END-- [ RunTime:0.000318s ]
SQL: SHOW COLUMNS FROM `ms_member` [ RunTime:0.0006s ]
SQL: SELECT * FROM `ms_member` WHERE ( token='8bb72bc6e58e2270111ae0da358bba1b' ) LIMIT 1   [ RunTime:0.0001s ]
NOTIC: [8] Undefined index: port /home/wj/www/thinkphp3.2/membership/ThinkPHP/Common/functions.php 第 1620 行.

[ 2016-04-21T10:16:35+08:00 ] 127.0.0.1 /m/Index/verify_c.html?token=8bb72bc6e58e2270111ae0da358bba1b&random=0.38205824612372496
INFO: [ app_init ] --START--
INFO: Run Behavior\BuildLiteBehavior [ RunTime:0.000008s ]
INFO: [ app_init ] --END-- [ RunTime:0.000226s ]
INFO: [ app_begin ] --START--
INFO: Run Behavior\ReadHtmlCacheBehavior [ RunTime:0.000285s ]
INFO: [ app_begin ] --END-- [ RunTime:0.000319s ]
SQL: SHOW COLUMNS FROM `ms_member` [ RunTime:0.0006s ]
SQL: SELECT * FROM `ms_member` WHERE ( token='8bb72bc6e58e2270111ae0da358bba1b' ) LIMIT 1   [ RunTime:0.0001s ]
INFO: [ app_end ] --START--
INFO: Run Behavior\ShowPageTraceBehavior [ RunTime:0.000438s ]
INFO: [ app_end ] --END-- [ RunTime:0.000504s ]

[ 2016-04-21T10:16:43+08:00 ] 127.0.0.1 /m/Index/getVerifyCode.html?token=8bb72bc6e58e2270111ae0da358bba1b
INFO: [ app_init ] --START--
INFO: Run Behavior\BuildLiteBehavior [ RunTime:0.000025s ]
INFO: [ app_init ] --END-- [ RunTime:0.000290s ]
INFO: [ app_begin ] --START--
INFO: Run Behavior\ReadHtmlCacheBehavior [ RunTime:0.000324s ]
INFO: [ app_begin ] --END-- [ RunTime:0.000355s ]
SQL: SHOW COLUMNS FROM `ms_member` [ RunTime:0.0006s ]
SQL: SELECT * FROM `ms_member` WHERE ( token='8bb72bc6e58e2270111ae0da358bba1b' ) LIMIT 1   [ RunTime:0.0001s ]
NOTIC: [8] Undefined index: port /home/wj/www/thinkphp3.2/membership/ThinkPHP/Common/functions.php 第 1620 行.

[ 2016-04-21T10:18:05+08:00 ] 127.0.0.1 /m/Index/verify_c.html?token=8bb72bc6e58e2270111ae0da358bba1b&random=0.5783443537908268
INFO: [ app_init ] --START--
INFO: Run Behavior\BuildLiteBehavior [ RunTime:0.000012s ]
INFO: [ app_init ] --END-- [ RunTime:0.000271s ]
INFO: [ app_begin ] --START--
INFO: Run Behavior\ReadHtmlCacheBehavior [ RunTime:0.000311s ]
INFO: [ app_begin ] --END-- [ RunTime:0.000352s ]
SQL: SHOW COLUMNS FROM `ms_member` [ RunTime:0.0014s ]
SQL: SELECT * FROM `ms_member` WHERE ( token='8bb72bc6e58e2270111ae0da358bba1b' ) LIMIT 1   [ RunTime:0.0001s ]
INFO: [ app_end ] --START--
INFO: Run Behavior\ShowPageTraceBehavior [ RunTime:0.000397s ]
INFO: [ app_end ] --END-- [ RunTime:0.000453s ]

[ 2016-04-21T10:24:09+08:00 ] 127.0.0.1 /m/Index/profile.html?token=8bb72bc6e58e2270111ae0da358bba1b
INFO: [ app_init ] --START--
INFO: Run Behavior\BuildLiteBehavior [ RunTime:0.000021s ]
INFO: [ app_init ] --END-- [ RunTime:0.000474s ]
INFO: [ app_begin ] --START--
INFO: Run Behavior\ReadHtmlCacheBehavior [ RunTime:0.000629s ]
INFO: [ app_begin ] --END-- [ RunTime:0.000720s ]
SQL: SHOW COLUMNS FROM `ms_member` [ RunTime:0.0007s ]
SQL: SELECT * FROM `ms_member` WHERE ( token='8bb72bc6e58e2270111ae0da358bba1b' ) LIMIT 1   [ RunTime:0.0001s ]
INFO: [ view_parse ] --START--
INFO: [ template_filter ] --START--
INFO: Run Behavior\ContentReplaceBehavior [ RunTime:0.000083s ]
INFO: [ template_filter ] --END-- [ RunTime:0.000166s ]
INFO: Run Behavior\ParseTemplateBehavior [ RunTime:0.008511s ]
INFO: [ view_parse ] --END-- [ RunTime:0.008750s ]
INFO: [ view_filter ] --START--
INFO: Run Behavior\WriteHtmlCacheBehavior [ RunTime:0.000870s ]
INFO: [ view_filter ] --END-- [ RunTime:0.000950s ]
INFO: [ app_end ] --START--
INFO: Run Behavior\ShowPageTraceBehavior [ RunTime:0.000459s ]
INFO: [ app_end ] --END-- [ RunTime:0.000500s ]

[ 2016-04-21T10:24:10+08:00 ] 127.0.0.1 /m/Index/verify_c.html?token=8bb72bc6e58e2270111ae0da358bba1b
INFO: [ app_init ] --START--
INFO: Run Behavior\BuildLiteBehavior [ RunTime:0.000011s ]
INFO: [ app_init ] --END-- [ RunTime:0.000276s ]
INFO: [ app_begin ] --START--
INFO: Run Behavior\ReadHtmlCacheBehavior [ RunTime:0.000329s ]
INFO: [ app_begin ] --END-- [ RunTime:0.000372s ]
SQL: SHOW COLUMNS FROM `ms_member` [ RunTime:0.0008s ]
SQL: SELECT * FROM `ms_member` WHERE ( token='8bb72bc6e58e2270111ae0da358bba1b' ) LIMIT 1   [ RunTime:0.0003s ]
INFO: [ app_end ] --START--
INFO: Run Behavior\ShowPageTraceBehavior [ RunTime:0.000542s ]
INFO: [ app_end ] --END-- [ RunTime:0.000748s ]

[ 2016-04-21T10:24:19+08:00 ] 127.0.0.1 /m/Index/getVerifyCode.html?token=8bb72bc6e58e2270111ae0da358bba1b
INFO: [ app_init ] --START--
INFO: Run Behavior\BuildLiteBehavior [ RunTime:0.000017s ]
INFO: [ app_init ] --END-- [ RunTime:0.000459s ]
INFO: [ app_begin ] --START--
INFO: Run Behavior\ReadHtmlCacheBehavior [ RunTime:0.001115s ]
INFO: [ app_begin ] --END-- [ RunTime:0.001213s ]
SQL: SHOW COLUMNS FROM `ms_member` [ RunTime:0.0006s ]
SQL: SELECT * FROM `ms_member` WHERE ( token='8bb72bc6e58e2270111ae0da358bba1b' ) LIMIT 1   [ RunTime:0.0001s ]
NOTIC: [8] Undefined index: port /home/wj/www/thinkphp3.2/membership/ThinkPHP/Common/functions.php 第 1620 行.

[ 2016-04-21T10:26:39+08:00 ] 127.0.0.1 /m/Index/profile.html
INFO: [ app_init ] --START--
INFO: Run Behavior\BuildLiteBehavior [ RunTime:0.000009s ]
INFO: [ app_init ] --END-- [ RunTime:0.000246s ]
INFO: [ app_begin ] --START--
INFO: Run Behavior\ReadHtmlCacheBehavior [ RunTime:0.000276s ]
INFO: [ app_begin ] --END-- [ RunTime:0.000310s ]
SQL: SHOW COLUMNS FROM `ms_member` [ RunTime:0.0006s ]
SQL: SELECT * FROM `ms_member` WHERE ( token='8bb72bc6e58e2270111ae0da358bba1b' ) LIMIT 1   [ RunTime:0.0002s ]

[ 2016-04-21T10:27:26+08:00 ] 127.0.0.1 /m/Index/profile.html?id=3&token=8bb72bc6e58e2270111ae0da358bba1b
INFO: [ app_init ] --START--
INFO: Run Behavior\BuildLiteBehavior [ RunTime:0.000010s ]
INFO: [ app_init ] --END-- [ RunTime:0.000226s ]
INFO: [ app_begin ] --START--
INFO: Run Behavior\ReadHtmlCacheBehavior [ RunTime:0.000263s ]
INFO: [ app_begin ] --END-- [ RunTime:0.000298s ]

[ 2016-04-21T10:28:04+08:00 ] 127.0.0.1 /m/Index/profile.html?id=3&token=8bb72bc6e58e2270111ae0da358bba1b
INFO: [ app_init ] --START--
INFO: Run Behavior\BuildLiteBehavior [ RunTime:0.000012s ]
INFO: [ app_init ] --END-- [ RunTime:0.000340s ]
INFO: [ app_begin ] --START--
INFO: Run Behavior\ReadHtmlCacheBehavior [ RunTime:0.000346s ]
INFO: [ app_begin ] --END-- [ RunTime:0.000389s ]
SQL: SHOW COLUMNS FROM `ms_member` [ RunTime:0.0009s ]
SQL: SELECT * FROM `ms_member` WHERE ( token='8bb72bc6e58e2270111ae0da358bba1b' ) LIMIT 1   [ RunTime:0.0003s ]
INFO: [ view_parse ] --START--
INFO: [ template_filter ] --START--
INFO: Run Behavior\ContentReplaceBehavior [ RunTime:0.000056s ]
INFO: [ template_filter ] --END-- [ RunTime:0.000104s ]
INFO: Run Behavior\ParseTemplateBehavior [ RunTime:0.006781s ]
INFO: [ view_parse ] --END-- [ RunTime:0.006832s ]
INFO: [ view_filter ] --START--
INFO: Run Behavior\WriteHtmlCacheBehavior [ RunTime:0.000112s ]
INFO: [ view_filter ] --END-- [ RunTime:0.000134s ]
INFO: [ app_end ] --START--
INFO: Run Behavior\ShowPageTraceBehavior [ RunTime:0.000294s ]
INFO: [ app_end ] --END-- [ RunTime:0.000332s ]

[ 2016-04-21T10:28:04+08:00 ] 127.0.0.1 /m/Index/verify_c.html?token=8bb72bc6e58e2270111ae0da358bba1b
INFO: [ app_init ] --START--
INFO: Run Behavior\BuildLiteBehavior [ RunTime:0.000021s ]
INFO: [ app_init ] --END-- [ RunTime:0.000608s ]
INFO: [ app_begin ] --START--
INFO: Run Behavior\ReadHtmlCacheBehavior [ RunTime:0.001387s ]
INFO: [ app_begin ] --END-- [ RunTime:0.001477s ]
SQL: SHOW COLUMNS FROM `ms_member` [ RunTime:0.0010s ]
SQL: SELECT * FROM `ms_member` WHERE ( token='8bb72bc6e58e2270111ae0da358bba1b' ) LIMIT 1   [ RunTime:0.0002s ]
INFO: [ app_end ] --START--
INFO: Run Behavior\ShowPageTraceBehavior [ RunTime:0.000589s ]
INFO: [ app_end ] --END-- [ RunTime:0.000703s ]

[ 2016-04-21T10:28:20+08:00 ] 127.0.0.1 /m/Index/getVerifyCode.html?token=8bb72bc6e58e2270111ae0da358bba1b
INFO: [ app_init ] --START--
INFO: Run Behavior\BuildLiteBehavior [ RunTime:0.000010s ]
INFO: [ app_init ] --END-- [ RunTime:0.000272s ]
INFO: [ app_begin ] --START--
INFO: Run Behavior\ReadHtmlCacheBehavior [ RunTime:0.000306s ]
INFO: [ app_begin ] --END-- [ RunTime:0.000343s ]
SQL: SHOW COLUMNS FROM `ms_member` [ RunTime:0.0007s ]
SQL: SELECT * FROM `ms_member` WHERE ( token='8bb72bc6e58e2270111ae0da358bba1b' ) LIMIT 1   [ RunTime:0.0001s ]
NOTIC: [8] Undefined index: port /home/wj/www/thinkphp3.2/membership/ThinkPHP/Common/functions.php 第 1620 行.

[ 2016-04-21T10:29:38+08:00 ] 127.0.0.1 /m/Index/profile.html
INFO: [ app_init ] --START--
INFO: Run Behavior\BuildLiteBehavior [ RunTime:0.000009s ]
INFO: [ app_init ] --END-- [ RunTime:0.000249s ]
INFO: [ app_begin ] --START--
INFO: Run Behavior\ReadHtmlCacheBehavior [ RunTime:0.000272s ]
INFO: [ app_begin ] --END-- [ RunTime:0.000303s ]
SQL: SHOW COLUMNS FROM `ms_member` [ RunTime:0.0006s ]
SQL: SELECT * FROM `ms_member` WHERE ( token='8bb72bc6e58e2270111ae0da358bba1b' ) LIMIT 1   [ RunTime:0.0002s ]

[ 2016-04-21T10:30:52+08:00 ] 127.0.0.1 /m/Index/profile.html
INFO: [ app_init ] --START--
INFO: Run Behavior\BuildLiteBehavior [ RunTime:0.000020s ]
INFO: [ app_init ] --END-- [ RunTime:0.001344s ]
INFO: [ app_begin ] --START--
INFO: Run Behavior\ReadHtmlCacheBehavior [ RunTime:0.000462s ]
INFO: [ app_begin ] --END-- [ RunTime:0.000518s ]
SQL: SHOW COLUMNS FROM `ms_member` [ RunTime:0.0017s ]
SQL: SELECT * FROM `ms_member` WHERE ( token='8bb72bc6e58e2270111ae0da358bba1b' ) LIMIT 1   [ RunTime:0.0002s ]

[ 2016-04-21T10:31:16+08:00 ] 127.0.0.1 /m/Index/profile.html
INFO: [ app_init ] --START--
INFO: Run Behavior\BuildLiteBehavior [ RunTime:0.000014s ]
INFO: [ app_init ] --END-- [ RunTime:0.000302s ]
INFO: [ app_begin ] --START--
INFO: Run Behavior\ReadHtmlCacheBehavior [ RunTime:0.000336s ]
INFO: [ app_begin ] --END-- [ RunTime:0.000381s ]
SQL: SHOW COLUMNS FROM `ms_member` [ RunTime:0.0006s ]
SQL: SELECT * FROM `ms_member` WHERE ( token='8bb72bc6e58e2270111ae0da358bba1b' ) LIMIT 1   [ RunTime:0.0002s ]
SQL: SHOW COLUMNS FROM `ms_member` [ RunTime:0.0006s ]
SQL: UPDATE `ms_member` SET `name`='wj',`phone`='18626210573',`birth`='2016-04-21',`phone_status`='1',`status`='1',`create_at`='1461205875' WHERE `id` = 23 [ RunTime:0.0446s ]
SQL: SHOW COLUMNS FROM `ms_card` [ RunTime:0.0133s ]
SQL: UPDATE `ms_card` SET `status`='1',`member_id`='1' WHERE `id` = 3 [ RunTime:0.0002s ]

[ 2016-04-21T10:31:16+08:00 ] 127.0.0.1 /m/Index/getwxcard.html?token=8bb72bc6e58e2270111ae0da358bba1b
INFO: [ app_init ] --START--
INFO: Run Behavior\BuildLiteBehavior [ RunTime:0.000074s ]
INFO: [ app_init ] --END-- [ RunTime:0.001046s ]
INFO: [ app_begin ] --START--
INFO: Run Behavior\ReadHtmlCacheBehavior [ RunTime:0.000678s ]
INFO: [ app_begin ] --END-- [ RunTime:0.000918s ]
SQL: SHOW COLUMNS FROM `ms_member` [ RunTime:0.0006s ]
SQL: SELECT * FROM `ms_member` WHERE ( token='8bb72bc6e58e2270111ae0da358bba1b' ) LIMIT 1   [ RunTime:0.0003s ]
INFO: [ view_parse ] --START--
INFO: [ template_filter ] --START--
INFO: Run Behavior\ContentReplaceBehavior [ RunTime:0.000049s ]
INFO: [ template_filter ] --END-- [ RunTime:0.000274s ]
INFO: Run Behavior\ParseTemplateBehavior [ RunTime:0.013328s ]
INFO: [ view_parse ] --END-- [ RunTime:0.013488s ]
INFO: [ view_filter ] --START--
INFO: Run Behavior\WriteHtmlCacheBehavior [ RunTime:0.000151s ]
INFO: [ view_filter ] --END-- [ RunTime:0.000183s ]
INFO: [ app_end ] --START--
INFO: Run Behavior\ShowPageTraceBehavior [ RunTime:0.000316s ]
INFO: [ app_end ] --END-- [ RunTime:0.000345s ]

[ 2016-04-21T10:31:48+08:00 ] 127.0.0.1 /m/Member/index.html?token=8bb72bc6e58e2270111ae0da358bba1b
INFO: [ app_init ] --START--
INFO: Run Behavior\BuildLiteBehavior [ RunTime:0.000008s ]
INFO: [ app_init ] --END-- [ RunTime:0.000270s ]
INFO: [ app_begin ] --START--
INFO: Run Behavior\ReadHtmlCacheBehavior [ RunTime:0.000273s ]
INFO: [ app_begin ] --END-- [ RunTime:0.000307s ]
SQL: SHOW COLUMNS FROM `ms_member` [ RunTime:0.0006s ]
SQL: SELECT * FROM `ms_member` WHERE ( token='8bb72bc6e58e2270111ae0da358bba1b' ) LIMIT 1   [ RunTime:0.0001s ]
SQL: SHOW COLUMNS FROM `ms_notice` [ RunTime:0.0076s ]
SQL: SELECT * FROM `ms_notice` WHERE ( status=1 )  [ RunTime:0.0003s ]
INFO: [ view_parse ] --START--
INFO: [ template_filter ] --START--
INFO: Run Behavior\ContentReplaceBehavior [ RunTime:0.000170s ]
INFO: [ template_filter ] --END-- [ RunTime:0.000353s ]
INFO: Run Behavior\ParseTemplateBehavior [ RunTime:0.016414s ]
INFO: [ view_parse ] --END-- [ RunTime:0.016466s ]
INFO: [ view_filter ] --START--
INFO: Run Behavior\WriteHtmlCacheBehavior [ RunTime:0.000124s ]
INFO: [ view_filter ] --END-- [ RunTime:0.000147s ]
INFO: [ app_end ] --START--
INFO: Run Behavior\ShowPageTraceBehavior [ RunTime:0.000320s ]
INFO: [ app_end ] --END-- [ RunTime:0.000346s ]

