[ 2016-04-20T09:03:44+08:00 ] 127.0.0.1 /
INFO: [ app_init ] --START--
INFO: Run Behavior\BuildLiteBehavior [ RunTime:0.000013s ]
INFO: [ app_init ] --END-- [ RunTime:0.000471s ]
INFO: [ app_begin ] --START--
INFO: Run Behavior\ReadHtmlCacheBehavior [ RunTime:0.006101s ]
INFO: Run Behavior\CheckLangBehavior [ RunTime:0.043752s ]
INFO: [ app_begin ] --END-- [ RunTime:0.049954s ]

[ 2016-04-20T09:03:44+08:00 ] 127.0.0.1 /User/login.html
INFO: [ app_init ] --START--
INFO: Run Behavior\BuildLiteBehavior [ RunTime:0.000011s ]
INFO: [ app_init ] --END-- [ RunTime:0.000229s ]
INFO: [ app_begin ] --START--
INFO: Run Behavior\ReadHtmlCacheBehavior [ RunTime:0.000281s ]
INFO: Run Behavior\CheckLangBehavior [ RunTime:0.000464s ]
INFO: [ app_begin ] --END-- [ RunTime:0.000822s ]
SQL: SHOW COLUMNS FROM `ms_site` [ RunTime:0.0280s ]
SQL: SELECT * FROM `ms_site` WHERE `id` = 1 LIMIT 1   [ RunTime:0.0071s ]
SQL: SHOW COLUMNS FROM `ms_admin` [ RunTime:0.0093s ]
INFO: [ view_parse ] --START--
INFO: [ template_filter ] --START--
INFO: Run Behavior\ContentReplaceBehavior [ RunTime:0.000055s ]
INFO: [ template_filter ] --END-- [ RunTime:0.000097s ]
INFO: Run Behavior\ParseTemplateBehavior [ RunTime:0.035809s ]
INFO: [ view_parse ] --END-- [ RunTime:0.035844s ]
INFO: [ view_filter ] --START--
INFO: Run Behavior\WriteHtmlCacheBehavior [ RunTime:0.000284s ]
INFO: [ view_filter ] --END-- [ RunTime:0.000307s ]
INFO: [ app_end ] --START--
INFO: Run Behavior\ShowPageTraceBehavior [ RunTime:0.000410s ]
INFO: [ app_end ] --END-- [ RunTime:0.000437s ]

[ 2016-04-20T09:03:51+08:00 ] 127.0.0.1 /favicon.ico
INFO: [ app_init ] --START--
INFO: Run Behavior\BuildLiteBehavior [ RunTime:0.000021s ]
INFO: [ app_init ] --END-- [ RunTime:0.000424s ]

[ 2016-04-20T09:03:59+08:00 ] 127.0.0.1 /Index/verify_c.html
INFO: [ app_init ] --START--
INFO: Run Behavior\BuildLiteBehavior [ RunTime:0.000022s ]
INFO: [ app_init ] --END-- [ RunTime:0.000546s ]
INFO: [ app_begin ] --START--
INFO: Run Behavior\ReadHtmlCacheBehavior [ RunTime:0.000715s ]
INFO: Run Behavior\CheckLangBehavior [ RunTime:0.000637s ]
INFO: [ app_begin ] --END-- [ RunTime:0.001530s ]

[ 2016-04-20T09:03:59+08:00 ] 127.0.0.1 /User/login.html
INFO: [ app_init ] --START--
INFO: Run Behavior\BuildLiteBehavior [ RunTime:0.000010s ]
INFO: [ app_init ] --END-- [ RunTime:0.000229s ]
INFO: [ app_begin ] --START--
INFO: Run Behavior\ReadHtmlCacheBehavior [ RunTime:0.000256s ]
INFO: Run Behavior\CheckLangBehavior [ RunTime:0.000229s ]
INFO: [ app_begin ] --END-- [ RunTime:0.000535s ]
SQL: SHOW COLUMNS FROM `ms_site` [ RunTime:0.0007s ]
SQL: SELECT * FROM `ms_site` WHERE `id` = 1 LIMIT 1   [ RunTime:0.0001s ]
SQL: SHOW COLUMNS FROM `ms_admin` [ RunTime:0.0012s ]
INFO: [ view_parse ] --START--
INFO: [ template_filter ] --START--
INFO: Run Behavior\ContentReplaceBehavior [ RunTime:0.000062s ]
INFO: [ template_filter ] --END-- [ RunTime:0.000110s ]
INFO: Run Behavior\ParseTemplateBehavior [ RunTime:0.006662s ]
INFO: [ view_parse ] --END-- [ RunTime:0.006696s ]
INFO: [ view_filter ] --START--
INFO: Run Behavior\WriteHtmlCacheBehavior [ RunTime:0.000107s ]
INFO: [ view_filter ] --END-- [ RunTime:0.000133s ]
INFO: [ app_end ] --START--
INFO: Run Behavior\ShowPageTraceBehavior [ RunTime:0.000311s ]
INFO: [ app_end ] --END-- [ RunTime:0.000337s ]

[ 2016-04-20T09:16:23+08:00 ] 10.42.0.199 /favicon.ico
INFO: [ app_init ] --START--
INFO: Run Behavior\BuildLiteBehavior [ RunTime:0.000015s ]
INFO: [ app_init ] --END-- [ RunTime:0.000323s ]

[ 2016-04-20T09:18:28+08:00 ] 10.42.0.199 /favicon.ico
INFO: [ app_init ] --START--
INFO: Run Behavior\BuildLiteBehavior [ RunTime:0.000014s ]
INFO: [ app_init ] --END-- [ RunTime:0.000317s ]

[ 2016-04-20T09:21:54+08:00 ] 10.42.0.199 /favicon.ico
INFO: [ app_init ] --START--
INFO: Run Behavior\BuildLiteBehavior [ RunTime:0.000010s ]
INFO: [ app_init ] --END-- [ RunTime:0.000229s ]

[ 2016-04-20T10:52:32+08:00 ] 127.0.0.1 /
INFO: [ app_init ] --START--
INFO: Run Behavior\BuildLiteBehavior [ RunTime:0.000011s ]
INFO: [ app_init ] --END-- [ RunTime:0.000262s ]
INFO: [ app_begin ] --START--
INFO: Run Behavior\ReadHtmlCacheBehavior [ RunTime:0.000278s ]
INFO: Run Behavior\CheckLangBehavior [ RunTime:0.000323s ]
INFO: [ app_begin ] --END-- [ RunTime:0.000675s ]

[ 2016-04-20T10:52:32+08:00 ] 127.0.0.1 /User/login.html
INFO: [ app_init ] --START--
INFO: Run Behavior\BuildLiteBehavior [ RunTime:0.000011s ]
INFO: [ app_init ] --END-- [ RunTime:0.000260s ]
INFO: [ app_begin ] --START--
INFO: Run Behavior\ReadHtmlCacheBehavior [ RunTime:0.000265s ]
INFO: Run Behavior\CheckLangBehavior [ RunTime:0.000236s ]
INFO: [ app_begin ] --END-- [ RunTime:0.000551s ]
SQL: SHOW COLUMNS FROM `ms_site` [ RunTime:0.0008s ]
SQL: SELECT * FROM `ms_site` WHERE `id` = 1 LIMIT 1   [ RunTime:0.0002s ]
SQL: SHOW COLUMNS FROM `ms_admin` [ RunTime:0.0013s ]
INFO: [ view_parse ] --START--
INFO: [ template_filter ] --START--
INFO: Run Behavior\ContentReplaceBehavior [ RunTime:0.000055s ]
INFO: [ template_filter ] --END-- [ RunTime:0.000096s ]
INFO: Run Behavior\ParseTemplateBehavior [ RunTime:0.005270s ]
INFO: [ view_parse ] --END-- [ RunTime:0.005310s ]
INFO: [ view_filter ] --START--
INFO: Run Behavior\WriteHtmlCacheBehavior [ RunTime:0.000102s ]
INFO: [ view_filter ] --END-- [ RunTime:0.000125s ]
INFO: [ app_end ] --START--
INFO: Run Behavior\ShowPageTraceBehavior [ RunTime:0.000300s ]
INFO: [ app_end ] --END-- [ RunTime:0.000327s ]

[ 2016-04-20T10:52:34+08:00 ] 127.0.0.1 /User/login.html
INFO: [ app_init ] --START--
INFO: Run Behavior\BuildLiteBehavior [ RunTime:0.000011s ]
INFO: [ app_init ] --END-- [ RunTime:0.000291s ]
INFO: [ app_begin ] --START--
INFO: Run Behavior\ReadHtmlCacheBehavior [ RunTime:0.000328s ]
INFO: Run Behavior\CheckLangBehavior [ RunTime:0.000286s ]
INFO: [ app_begin ] --END-- [ RunTime:0.000686s ]
SQL: SHOW COLUMNS FROM `ms_site` [ RunTime:0.0004s ]
SQL: SELECT * FROM `ms_site` WHERE `id` = 1 LIMIT 1   [ RunTime:0.0001s ]
SQL: SHOW COLUMNS FROM `ms_admin` [ RunTime:0.0004s ]
SQL: SHOW COLUMNS FROM `ms_admin` [ RunTime:0.0004s ]
SQL: SELECT * FROM `ms_admin` WHERE ( status=1 and name='admin' ) LIMIT 1   [ RunTime:0.0002s ]
INFO: [ view_parse ] --START--
INFO: [ template_filter ] --START--
INFO: Run Behavior\ContentReplaceBehavior [ RunTime:0.000072s ]
INFO: [ template_filter ] --END-- [ RunTime:0.000115s ]
INFO: Run Behavior\ParseTemplateBehavior [ RunTime:0.006372s ]
INFO: [ view_parse ] --END-- [ RunTime:0.006421s ]
INFO: [ view_filter ] --START--
INFO: Run Behavior\WriteHtmlCacheBehavior [ RunTime:0.000106s ]
INFO: [ view_filter ] --END-- [ RunTime:0.000130s ]
INFO: [ app_end ] --START--
INFO: Run Behavior\ShowPageTraceBehavior [ RunTime:0.000317s ]
INFO: [ app_end ] --END-- [ RunTime:0.000351s ]

[ 2016-04-20T10:52:34+08:00 ] 127.0.0.1 /Index/index/
INFO: [ app_init ] --START--
INFO: Run Behavior\BuildLiteBehavior [ RunTime:0.000009s ]
INFO: [ app_init ] --END-- [ RunTime:0.000253s ]
INFO: [ app_begin ] --START--
INFO: Run Behavior\ReadHtmlCacheBehavior [ RunTime:0.000277s ]
INFO: Run Behavior\CheckLangBehavior [ RunTime:0.000239s ]
INFO: [ app_begin ] --END-- [ RunTime:0.000571s ]
SQL: SHOW COLUMNS FROM `ms_site` [ RunTime:0.0006s ]
SQL: SELECT * FROM `ms_site` WHERE `id` = 1 LIMIT 1   [ RunTime:0.0001s ]
INFO: [ view_parse ] --START--
INFO: [ template_filter ] --START--
INFO: Run Behavior\ContentReplaceBehavior [ RunTime:0.000079s ]
INFO: [ template_filter ] --END-- [ RunTime:0.000123s ]
INFO: Run Behavior\ParseTemplateBehavior [ RunTime:0.040339s ]
INFO: [ view_parse ] --END-- [ RunTime:0.040379s ]
INFO: [ view_filter ] --START--
INFO: Run Behavior\WriteHtmlCacheBehavior [ RunTime:0.000125s ]
INFO: [ view_filter ] --END-- [ RunTime:0.000155s ]
INFO: [ app_end ] --START--
INFO: Run Behavior\ShowPageTraceBehavior [ RunTime:0.000374s ]
INFO: [ app_end ] --END-- [ RunTime:0.000406s ]

[ 2016-04-20T10:52:38+08:00 ] 127.0.0.1 /Card/index.html
INFO: [ app_init ] --START--
INFO: Run Behavior\BuildLiteBehavior [ RunTime:0.000014s ]
INFO: [ app_init ] --END-- [ RunTime:0.000275s ]
INFO: [ app_begin ] --START--
INFO: Run Behavior\ReadHtmlCacheBehavior [ RunTime:0.000280s ]
INFO: Run Behavior\CheckLangBehavior [ RunTime:0.014843s ]
INFO: [ app_begin ] --END-- [ RunTime:0.015218s ]
SQL: SHOW COLUMNS FROM `ms_site` [ RunTime:0.0005s ]
SQL: SELECT * FROM `ms_site` WHERE `id` = 1 LIMIT 1   [ RunTime:0.0001s ]
SQL: SHOW COLUMNS FROM `ms_card` [ RunTime:0.0127s ]
SQL: SELECT * FROM `ms_card`  [ RunTime:0.0002s ]
SQL: SELECT * FROM `ms_card` WHERE (  1 ) ORDER BY create_at DESC LIMIT 0,10   [ RunTime:0.0011s ]
INFO: [ view_parse ] --START--
INFO: [ template_filter ] --START--
INFO: Run Behavior\ContentReplaceBehavior [ RunTime:0.000150s ]
INFO: [ template_filter ] --END-- [ RunTime:0.000202s ]
NOTIC: [8] Undefined variable: search /home/wj/www/thinkphp3.2/membership/Application/Runtime/Cache/Home/68613786b38ed0a6900dc6593c955e17.php 第 849 行.
NOTIC: [8] Undefined index: member /home/wj/www/thinkphp3.2/membership/Application/Runtime/Cache/Home/68613786b38ed0a6900dc6593c955e17.php 第 895 行.
NOTIC: [2] date() expects parameter 2 to be long, string given /home/wj/www/thinkphp3.2/membership/Application/Runtime/Cache/Home/68613786b38ed0a6900dc6593c955e17.php 第 894 行.
NOTIC: [8] Undefined index: member /home/wj/www/thinkphp3.2/membership/Application/Runtime/Cache/Home/68613786b38ed0a6900dc6593c955e17.php 第 895 行.
NOTIC: [2] date() expects parameter 2 to be long, string given /home/wj/www/thinkphp3.2/membership/Application/Runtime/Cache/Home/68613786b38ed0a6900dc6593c955e17.php 第 896 行.
NOTIC: [2] date() expects parameter 2 to be long, string given /home/wj/www/thinkphp3.2/membership/Application/Runtime/Cache/Home/68613786b38ed0a6900dc6593c955e17.php 第 894 行.
NOTIC: [8] Undefined index: member /home/wj/www/thinkphp3.2/membership/Application/Runtime/Cache/Home/68613786b38ed0a6900dc6593c955e17.php 第 895 行.
NOTIC: [2] date() expects parameter 2 to be long, string given /home/wj/www/thinkphp3.2/membership/Application/Runtime/Cache/Home/68613786b38ed0a6900dc6593c955e17.php 第 896 行.
NOTIC: [2] date() expects parameter 2 to be long, string given /home/wj/www/thinkphp3.2/membership/Application/Runtime/Cache/Home/68613786b38ed0a6900dc6593c955e17.php 第 894 行.
NOTIC: [8] Undefined index: member /home/wj/www/thinkphp3.2/membership/Application/Runtime/Cache/Home/68613786b38ed0a6900dc6593c955e17.php 第 895 行.
NOTIC: [2] date() expects parameter 2 to be long, string given /home/wj/www/thinkphp3.2/membership/Application/Runtime/Cache/Home/68613786b38ed0a6900dc6593c955e17.php 第 896 行.
NOTIC: [2] date() expects parameter 2 to be long, string given /home/wj/www/thinkphp3.2/membership/Application/Runtime/Cache/Home/68613786b38ed0a6900dc6593c955e17.php 第 894 行.
NOTIC: [8] Undefined index: member /home/wj/www/thinkphp3.2/membership/Application/Runtime/Cache/Home/68613786b38ed0a6900dc6593c955e17.php 第 895 行.
NOTIC: [2] date() expects parameter 2 to be long, string given /home/wj/www/thinkphp3.2/membership/Application/Runtime/Cache/Home/68613786b38ed0a6900dc6593c955e17.php 第 896 行.
INFO: Run Behavior\ParseTemplateBehavior [ RunTime:0.031977s ]
INFO: [ view_parse ] --END-- [ RunTime:0.032028s ]
INFO: [ view_filter ] --START--
INFO: Run Behavior\WriteHtmlCacheBehavior [ RunTime:0.000847s ]
INFO: [ view_filter ] --END-- [ RunTime:0.000991s ]
INFO: [ app_end ] --START--
INFO: Run Behavior\ShowPageTraceBehavior [ RunTime:0.000365s ]
INFO: [ app_end ] --END-- [ RunTime:0.000399s ]

[ 2016-04-20T10:52:39+08:00 ] 127.0.0.1 /Member/index.html
INFO: [ app_init ] --START--
INFO: Run Behavior\BuildLiteBehavior [ RunTime:0.000009s ]
INFO: [ app_init ] --END-- [ RunTime:0.000278s ]
INFO: [ app_begin ] --START--
INFO: Run Behavior\ReadHtmlCacheBehavior [ RunTime:0.000282s ]
INFO: Run Behavior\CheckLangBehavior [ RunTime:0.000504s ]
INFO: [ app_begin ] --END-- [ RunTime:0.000842s ]
SQL: SHOW COLUMNS FROM `ms_site` [ RunTime:0.0006s ]
SQL: SELECT * FROM `ms_site` WHERE `id` = 1 LIMIT 1   [ RunTime:0.0001s ]
SQL: SHOW COLUMNS FROM `ms_member` [ RunTime:0.0099s ]
SQL: SELECT * FROM `ms_member`  [ RunTime:0.0003s ]
SQL: SELECT * FROM `ms_member` WHERE (  1 ) ORDER BY create_at DESC LIMIT 0,10   [ RunTime:0.0003s ]
INFO: [ view_parse ] --START--
INFO: [ template_filter ] --START--
INFO: Run Behavior\ContentReplaceBehavior [ RunTime:0.000140s ]
INFO: [ template_filter ] --END-- [ RunTime:0.000192s ]
NOTIC: [8] Undefined variable: search /home/wj/www/thinkphp3.2/membership/Application/Runtime/Cache/Home/fdc24d97de08be5342dd939702a23904.php 第 852 行.
NOTIC: [8] Undefined variable: search /home/wj/www/thinkphp3.2/membership/Application/Runtime/Cache/Home/fdc24d97de08be5342dd939702a23904.php 第 853 行.
NOTIC: [8] Undefined variable: search /home/wj/www/thinkphp3.2/membership/Application/Runtime/Cache/Home/fdc24d97de08be5342dd939702a23904.php 第 854 行.
INFO: Run Behavior\ParseTemplateBehavior [ RunTime:0.027605s ]
INFO: [ view_parse ] --END-- [ RunTime:0.027661s ]
INFO: [ view_filter ] --START--
INFO: Run Behavior\WriteHtmlCacheBehavior [ RunTime:0.000107s ]
INFO: [ view_filter ] --END-- [ RunTime:0.000129s ]
INFO: [ app_end ] --START--
INFO: Run Behavior\ShowPageTraceBehavior [ RunTime:0.000313s ]
INFO: [ app_end ] --END-- [ RunTime:0.000346s ]

[ 2016-04-20T10:53:16+08:00 ] 127.0.0.1 /User/index.html
INFO: [ app_init ] --START--
INFO: Run Behavior\BuildLiteBehavior [ RunTime:0.000037s ]
INFO: [ app_init ] --END-- [ RunTime:0.000663s ]
INFO: [ app_begin ] --START--
INFO: Run Behavior\ReadHtmlCacheBehavior [ RunTime:0.000315s ]
INFO: Run Behavior\CheckLangBehavior [ RunTime:0.000231s ]
INFO: [ app_begin ] --END-- [ RunTime:0.000598s ]
SQL: SHOW COLUMNS FROM `ms_site` [ RunTime:0.0007s ]
SQL: SELECT * FROM `ms_site` WHERE `id` = 1 LIMIT 1   [ RunTime:0.0001s ]
SQL: SHOW COLUMNS FROM `ms_admin` [ RunTime:0.0005s ]
SQL: SHOW COLUMNS FROM `ms_admin` [ RunTime:0.0005s ]
SQL: SELECT * FROM `ms_admin`  [ RunTime:0.0002s ]
SQL: SELECT * FROM `ms_admin` LIMIT 0,5   [ RunTime:0.0002s ]
INFO: [ view_parse ] --START--
INFO: [ template_filter ] --START--
INFO: Run Behavior\ContentReplaceBehavior [ RunTime:0.000142s ]
INFO: [ template_filter ] --END-- [ RunTime:0.000190s ]
NOTIC: [2] date() expects parameter 2 to be long, string given /home/wj/www/thinkphp3.2/membership/Application/Runtime/Cache/Home/6830cbac89ff06451c77cd8769d6d4ca.php 第 891 行.
INFO: Run Behavior\ParseTemplateBehavior [ RunTime:0.027499s ]
INFO: [ view_parse ] --END-- [ RunTime:0.027528s ]
INFO: [ view_filter ] --START--
INFO: Run Behavior\WriteHtmlCacheBehavior [ RunTime:0.000101s ]
INFO: [ view_filter ] --END-- [ RunTime:0.000122s ]
INFO: [ app_end ] --START--
INFO: Run Behavior\ShowPageTraceBehavior [ RunTime:0.000292s ]
INFO: [ app_end ] --END-- [ RunTime:0.000317s ]

[ 2016-04-20T10:53:18+08:00 ] 127.0.0.1 /User/logout.html
INFO: [ app_init ] --START--
INFO: Run Behavior\BuildLiteBehavior [ RunTime:0.000009s ]
INFO: [ app_init ] --END-- [ RunTime:0.000293s ]
INFO: [ app_begin ] --START--
INFO: Run Behavior\ReadHtmlCacheBehavior [ RunTime:0.000263s ]
INFO: Run Behavior\CheckLangBehavior [ RunTime:0.000226s ]
INFO: [ app_begin ] --END-- [ RunTime:0.000539s ]
SQL: SHOW COLUMNS FROM `ms_site` [ RunTime:0.0008s ]
SQL: SELECT * FROM `ms_site` WHERE `id` = 1 LIMIT 1   [ RunTime:0.0001s ]
SQL: SHOW COLUMNS FROM `ms_admin` [ RunTime:0.0005s ]

[ 2016-04-20T10:53:18+08:00 ] 127.0.0.1 /User/login
INFO: [ app_init ] --START--
INFO: Run Behavior\BuildLiteBehavior [ RunTime:0.000011s ]
INFO: [ app_init ] --END-- [ RunTime:0.000261s ]
INFO: [ app_begin ] --START--
INFO: Run Behavior\ReadHtmlCacheBehavior [ RunTime:0.000280s ]
INFO: Run Behavior\CheckLangBehavior [ RunTime:0.000237s ]
INFO: [ app_begin ] --END-- [ RunTime:0.000570s ]
SQL: SHOW COLUMNS FROM `ms_site` [ RunTime:0.0006s ]
SQL: SELECT * FROM `ms_site` WHERE `id` = 1 LIMIT 1   [ RunTime:0.0001s ]
SQL: SHOW COLUMNS FROM `ms_admin` [ RunTime:0.0004s ]
INFO: [ view_parse ] --START--
INFO: [ template_filter ] --START--
INFO: Run Behavior\ContentReplaceBehavior [ RunTime:0.000181s ]
INFO: [ template_filter ] --END-- [ RunTime:0.000360s ]
INFO: Run Behavior\ParseTemplateBehavior [ RunTime:0.006201s ]
INFO: [ view_parse ] --END-- [ RunTime:0.006238s ]
INFO: [ view_filter ] --START--
INFO: Run Behavior\WriteHtmlCacheBehavior [ RunTime:0.000124s ]
INFO: [ view_filter ] --END-- [ RunTime:0.000150s ]
INFO: [ app_end ] --START--
INFO: Run Behavior\ShowPageTraceBehavior [ RunTime:0.000346s ]
INFO: [ app_end ] --END-- [ RunTime:0.000380s ]

[ 2016-04-20T10:53:20+08:00 ] 127.0.0.1 /User/login.html
INFO: [ app_init ] --START--
INFO: Run Behavior\BuildLiteBehavior [ RunTime:0.000015s ]
INFO: [ app_init ] --END-- [ RunTime:0.000438s ]
INFO: [ app_begin ] --START--
INFO: Run Behavior\ReadHtmlCacheBehavior [ RunTime:0.000310s ]
INFO: Run Behavior\CheckLangBehavior [ RunTime:0.000242s ]
INFO: [ app_begin ] --END-- [ RunTime:0.000611s ]
SQL: SHOW COLUMNS FROM `ms_site` [ RunTime:0.0006s ]
SQL: SELECT * FROM `ms_site` WHERE `id` = 1 LIMIT 1   [ RunTime:0.0001s ]
SQL: SHOW COLUMNS FROM `ms_admin` [ RunTime:0.0005s ]
SQL: SHOW COLUMNS FROM `ms_admin` [ RunTime:0.0004s ]
SQL: SELECT * FROM `ms_admin` WHERE ( status=1 and name='admin' ) LIMIT 1   [ RunTime:0.0001s ]
INFO: [ view_parse ] --START--
INFO: [ template_filter ] --START--
INFO: Run Behavior\ContentReplaceBehavior [ RunTime:0.000071s ]
INFO: [ template_filter ] --END-- [ RunTime:0.000117s ]
INFO: Run Behavior\ParseTemplateBehavior [ RunTime:0.008082s ]
INFO: [ view_parse ] --END-- [ RunTime:0.008138s ]
INFO: [ view_filter ] --START--
INFO: Run Behavior\WriteHtmlCacheBehavior [ RunTime:0.000165s ]
INFO: [ view_filter ] --END-- [ RunTime:0.000189s ]
INFO: [ app_end ] --START--
INFO: Run Behavior\ShowPageTraceBehavior [ RunTime:0.000377s ]
INFO: [ app_end ] --END-- [ RunTime:0.000410s ]

[ 2016-04-20T10:53:20+08:00 ] 127.0.0.1 /Index/index/
INFO: [ app_init ] --START--
INFO: Run Behavior\BuildLiteBehavior [ RunTime:0.000012s ]
INFO: [ app_init ] --END-- [ RunTime:0.000344s ]
INFO: [ app_begin ] --START--
INFO: Run Behavior\ReadHtmlCacheBehavior [ RunTime:0.000334s ]
INFO: Run Behavior\CheckLangBehavior [ RunTime:0.000242s ]
INFO: [ app_begin ] --END-- [ RunTime:0.000635s ]
SQL: SHOW COLUMNS FROM `ms_site` [ RunTime:0.0005s ]
SQL: SELECT * FROM `ms_site` WHERE `id` = 1 LIMIT 1   [ RunTime:0.0001s ]
INFO: [ view_parse ] --START--
INFO: [ template_filter ] --START--
INFO: Run Behavior\ContentReplaceBehavior [ RunTime:0.000084s ]
INFO: [ template_filter ] --END-- [ RunTime:0.000130s ]
INFO: Run Behavior\ParseTemplateBehavior [ RunTime:0.011715s ]
INFO: [ view_parse ] --END-- [ RunTime:0.011755s ]
INFO: [ view_filter ] --START--
INFO: Run Behavior\WriteHtmlCacheBehavior [ RunTime:0.000107s ]
INFO: [ view_filter ] --END-- [ RunTime:0.000131s ]
INFO: [ app_end ] --START--
INFO: Run Behavior\ShowPageTraceBehavior [ RunTime:0.000307s ]
INFO: [ app_end ] --END-- [ RunTime:0.000334s ]

[ 2016-04-20T10:57:18+08:00 ] 127.0.0.1 /Card/index.html
INFO: [ app_init ] --START--
INFO: Run Behavior\BuildLiteBehavior [ RunTime:0.000010s ]
INFO: [ app_init ] --END-- [ RunTime:0.000248s ]
INFO: [ app_begin ] --START--
INFO: Run Behavior\ReadHtmlCacheBehavior [ RunTime:0.000277s ]
INFO: Run Behavior\CheckLangBehavior [ RunTime:0.000239s ]
INFO: [ app_begin ] --END-- [ RunTime:0.000571s ]
SQL: SHOW COLUMNS FROM `ms_site` [ RunTime:0.0005s ]
SQL: SELECT * FROM `ms_site` WHERE `id` = 1 LIMIT 1   [ RunTime:0.0001s ]
SQL: SHOW COLUMNS FROM `ms_card` [ RunTime:0.0004s ]
SQL: SELECT * FROM `ms_card`  [ RunTime:0.0001s ]
SQL: SELECT * FROM `ms_card` WHERE (  1 ) ORDER BY create_at DESC LIMIT 0,10   [ RunTime:0.0001s ]
INFO: [ view_parse ] --START--
INFO: [ template_filter ] --START--
INFO: Run Behavior\ContentReplaceBehavior [ RunTime:0.000138s ]
INFO: [ template_filter ] --END-- [ RunTime:0.000181s ]
NOTIC: [8] Undefined variable: search /home/wj/www/thinkphp3.2/membership/Application/Runtime/Cache/Home/68613786b38ed0a6900dc6593c955e17.php 第 849 行.
NOTIC: [8] Undefined index: member /home/wj/www/thinkphp3.2/membership/Application/Runtime/Cache/Home/68613786b38ed0a6900dc6593c955e17.php 第 895 行.
NOTIC: [2] date() expects parameter 2 to be long, string given /home/wj/www/thinkphp3.2/membership/Application/Runtime/Cache/Home/68613786b38ed0a6900dc6593c955e17.php 第 894 行.
NOTIC: [8] Undefined index: member /home/wj/www/thinkphp3.2/membership/Application/Runtime/Cache/Home/68613786b38ed0a6900dc6593c955e17.php 第 895 行.
NOTIC: [2] date() expects parameter 2 to be long, string given /home/wj/www/thinkphp3.2/membership/Application/Runtime/Cache/Home/68613786b38ed0a6900dc6593c955e17.php 第 896 行.
NOTIC: [2] date() expects parameter 2 to be long, string given /home/wj/www/thinkphp3.2/membership/Application/Runtime/Cache/Home/68613786b38ed0a6900dc6593c955e17.php 第 894 行.
NOTIC: [8] Undefined index: member /home/wj/www/thinkphp3.2/membership/Application/Runtime/Cache/Home/68613786b38ed0a6900dc6593c955e17.php 第 895 行.
NOTIC: [2] date() expects parameter 2 to be long, string given /home/wj/www/thinkphp3.2/membership/Application/Runtime/Cache/Home/68613786b38ed0a6900dc6593c955e17.php 第 896 行.
NOTIC: [2] date() expects parameter 2 to be long, string given /home/wj/www/thinkphp3.2/membership/Application/Runtime/Cache/Home/68613786b38ed0a6900dc6593c955e17.php 第 894 行.
NOTIC: [8] Undefined index: member /home/wj/www/thinkphp3.2/membership/Application/Runtime/Cache/Home/68613786b38ed0a6900dc6593c955e17.php 第 895 行.
NOTIC: [2] date() expects parameter 2 to be long, string given /home/wj/www/thinkphp3.2/membership/Application/Runtime/Cache/Home/68613786b38ed0a6900dc6593c955e17.php 第 896 行.
NOTIC: [2] date() expects parameter 2 to be long, string given /home/wj/www/thinkphp3.2/membership/Application/Runtime/Cache/Home/68613786b38ed0a6900dc6593c955e17.php 第 894 行.
NOTIC: [8] Undefined index: member /home/wj/www/thinkphp3.2/membership/Application/Runtime/Cache/Home/68613786b38ed0a6900dc6593c955e17.php 第 895 行.
NOTIC: [2] date() expects parameter 2 to be long, string given /home/wj/www/thinkphp3.2/membership/Application/Runtime/Cache/Home/68613786b38ed0a6900dc6593c955e17.php 第 896 行.
INFO: Run Behavior\ParseTemplateBehavior [ RunTime:0.015668s ]
INFO: [ view_parse ] --END-- [ RunTime:0.015704s ]
INFO: [ view_filter ] --START--
INFO: Run Behavior\WriteHtmlCacheBehavior [ RunTime:0.000134s ]
INFO: [ view_filter ] --END-- [ RunTime:0.000155s ]
INFO: [ app_end ] --START--
INFO: Run Behavior\ShowPageTraceBehavior [ RunTime:0.000296s ]
INFO: [ app_end ] --END-- [ RunTime:0.000322s ]

[ 2016-04-20T10:58:38+08:00 ] 127.0.0.1 /Member/index.html
INFO: [ app_init ] --START--
INFO: Run Behavior\BuildLiteBehavior [ RunTime:0.000009s ]
INFO: [ app_init ] --END-- [ RunTime:0.000236s ]
INFO: [ app_begin ] --START--
INFO: Run Behavior\ReadHtmlCacheBehavior [ RunTime:0.000259s ]
INFO: Run Behavior\CheckLangBehavior [ RunTime:0.000224s ]
INFO: [ app_begin ] --END-- [ RunTime:0.000535s ]
SQL: SHOW COLUMNS FROM `ms_site` [ RunTime:0.0006s ]
SQL: SELECT * FROM `ms_site` WHERE `id` = 1 LIMIT 1   [ RunTime:0.0001s ]
SQL: SHOW COLUMNS FROM `ms_member` [ RunTime:0.0007s ]
SQL: SELECT * FROM `ms_member`  [ RunTime:0.0003s ]
SQL: SELECT * FROM `ms_member` WHERE (  1 ) ORDER BY create_at DESC LIMIT 0,10   [ RunTime:0.0001s ]
INFO: [ view_parse ] --START--
INFO: [ template_filter ] --START--
INFO: Run Behavior\ContentReplaceBehavior [ RunTime:0.000152s ]
INFO: [ template_filter ] --END-- [ RunTime:0.000230s ]
NOTIC: [8] Undefined variable: search /home/wj/www/thinkphp3.2/membership/Application/Runtime/Cache/Home/fdc24d97de08be5342dd939702a23904.php 第 852 行.
NOTIC: [8] Undefined variable: search /home/wj/www/thinkphp3.2/membership/Application/Runtime/Cache/Home/fdc24d97de08be5342dd939702a23904.php 第 853 行.
NOTIC: [8] Undefined variable: search /home/wj/www/thinkphp3.2/membership/Application/Runtime/Cache/Home/fdc24d97de08be5342dd939702a23904.php 第 854 行.
INFO: Run Behavior\ParseTemplateBehavior [ RunTime:0.016285s ]
INFO: [ view_parse ] --END-- [ RunTime:0.016330s ]
INFO: [ view_filter ] --START--
INFO: Run Behavior\WriteHtmlCacheBehavior [ RunTime:0.000105s ]
INFO: [ view_filter ] --END-- [ RunTime:0.000127s ]
INFO: [ app_end ] --START--
INFO: Run Behavior\ShowPageTraceBehavior [ RunTime:0.000293s ]
INFO: [ app_end ] --END-- [ RunTime:0.000323s ]

[ 2016-04-20T11:15:18+08:00 ] 127.0.0.1 /favicon.ico
INFO: [ app_init ] --START--
INFO: Run Behavior\BuildLiteBehavior [ RunTime:0.000010s ]
INFO: [ app_init ] --END-- [ RunTime:0.000247s ]

[ 2016-04-20T14:45:57+08:00 ] 127.0.0.1 /m/Member/%7B:U('m/Login/login')%7D
INFO: [ app_init ] --START--
INFO: Run Behavior\BuildLiteBehavior [ RunTime:0.000010s ]
INFO: [ app_init ] --END-- [ RunTime:0.000243s ]
INFO: [ app_begin ] --START--
INFO: Run Behavior\ReadHtmlCacheBehavior [ RunTime:0.000599s ]
INFO: Run Behavior\CheckLangBehavior [ RunTime:0.000410s ]
INFO: [ app_begin ] --END-- [ RunTime:0.001109s ]
ERR: 无法加载控制器:M

[ 2016-04-20T14:46:14+08:00 ] 127.0.0.1 /m/Member/m/Login/login
INFO: [ app_init ] --START--
INFO: Run Behavior\BuildLiteBehavior [ RunTime:0.000011s ]
INFO: [ app_init ] --END-- [ RunTime:0.000239s ]
INFO: [ app_begin ] --START--
INFO: Run Behavior\ReadHtmlCacheBehavior [ RunTime:0.000730s ]
INFO: Run Behavior\CheckLangBehavior [ RunTime:0.000214s ]
INFO: [ app_begin ] --END-- [ RunTime:0.001047s ]
ERR: 无法加载控制器:M

[ 2016-04-20T14:46:23+08:00 ] 127.0.0.1 /m/Member/m/Login/login
INFO: [ app_init ] --START--
INFO: Run Behavior\BuildLiteBehavior [ RunTime:0.000011s ]
INFO: [ app_init ] --END-- [ RunTime:0.000250s ]
INFO: [ app_begin ] --START--
INFO: Run Behavior\ReadHtmlCacheBehavior [ RunTime:0.000263s ]
INFO: Run Behavior\CheckLangBehavior [ RunTime:0.000189s ]
INFO: [ app_begin ] --END-- [ RunTime:0.000506s ]
ERR: 无法加载控制器:M

[ 2016-04-20T14:46:29+08:00 ] 127.0.0.1 /m/Member/m/Login/login
INFO: [ app_init ] --START--
INFO: Run Behavior\BuildLiteBehavior [ RunTime:0.000014s ]
INFO: [ app_init ] --END-- [ RunTime:0.000535s ]
INFO: [ app_begin ] --START--
INFO: Run Behavior\ReadHtmlCacheBehavior [ RunTime:0.000253s ]
INFO: Run Behavior\CheckLangBehavior [ RunTime:0.000178s ]
INFO: [ app_begin ] --END-- [ RunTime:0.000485s ]
ERR: 无法加载控制器:M

[ 2016-04-20T14:46:31+08:00 ] 127.0.0.1 /m/Member/m/Login/login
INFO: [ app_init ] --START--
INFO: Run Behavior\BuildLiteBehavior [ RunTime:0.000010s ]
INFO: [ app_init ] --END-- [ RunTime:0.000300s ]
INFO: [ app_begin ] --START--
INFO: Run Behavior\ReadHtmlCacheBehavior [ RunTime:0.000316s ]
INFO: Run Behavior\CheckLangBehavior [ RunTime:0.000208s ]
INFO: [ app_begin ] --END-- [ RunTime:0.000584s ]
ERR: 无法加载控制器:M

[ 2016-04-20T14:51:13+08:00 ] 127.0.0.1 /Member/index.html
INFO: [ app_init ] --START--
INFO: Run Behavior\BuildLiteBehavior [ RunTime:0.000010s ]
INFO: [ app_init ] --END-- [ RunTime:0.000215s ]
INFO: [ app_begin ] --START--
INFO: Run Behavior\ReadHtmlCacheBehavior [ RunTime:0.000259s ]
INFO: Run Behavior\CheckLangBehavior [ RunTime:0.000240s ]
INFO: [ app_begin ] --END-- [ RunTime:0.000548s ]
SQL: SHOW COLUMNS FROM `ms_site` [ RunTime:0.0006s ]
SQL: SELECT * FROM `ms_site` WHERE `id` = 1 LIMIT 1   [ RunTime:0.0001s ]
SQL: SHOW COLUMNS FROM `ms_member` [ RunTime:0.0005s ]
SQL: SELECT * FROM `ms_member`  [ RunTime:0.0003s ]
SQL: SELECT * FROM `ms_member` WHERE (  1 ) ORDER BY create_at DESC LIMIT 0,10   [ RunTime:0.0005s ]
INFO: [ view_parse ] --START--
INFO: [ template_filter ] --START--
INFO: Run Behavior\ContentReplaceBehavior [ RunTime:0.000097s ]
INFO: [ template_filter ] --END-- [ RunTime:0.000136s ]
NOTIC: [8] Undefined variable: search /home/wj/www/thinkphp3.2/membership/Application/Runtime/Cache/Home/fdc24d97de08be5342dd939702a23904.php 第 852 行.
NOTIC: [8] Undefined variable: search /home/wj/www/thinkphp3.2/membership/Application/Runtime/Cache/Home/fdc24d97de08be5342dd939702a23904.php 第 853 行.
NOTIC: [8] Undefined variable: search /home/wj/www/thinkphp3.2/membership/Application/Runtime/Cache/Home/fdc24d97de08be5342dd939702a23904.php 第 854 行.
NOTIC: [2] date() expects parameter 2 to be long, string given /home/wj/www/thinkphp3.2/membership/Application/Runtime/Cache/Home/fdc24d97de08be5342dd939702a23904.php 第 902 行.
NOTIC: [2] date() expects parameter 2 to be long, string given /home/wj/www/thinkphp3.2/membership/Application/Runtime/Cache/Home/fdc24d97de08be5342dd939702a23904.php 第 902 行.
NOTIC: [2] date() expects parameter 2 to be long, string given /home/wj/www/thinkphp3.2/membership/Application/Runtime/Cache/Home/fdc24d97de08be5342dd939702a23904.php 第 902 行.
INFO: Run Behavior\ParseTemplateBehavior [ RunTime:0.038189s ]
INFO: [ view_parse ] --END-- [ RunTime:0.038303s ]
INFO: [ view_filter ] --START--
INFO: Run Behavior\WriteHtmlCacheBehavior [ RunTime:0.000098s ]
INFO: [ view_filter ] --END-- [ RunTime:0.000120s ]
INFO: [ app_end ] --START--
INFO: Run Behavior\ShowPageTraceBehavior [ RunTime:0.000282s ]
INFO: [ app_end ] --END-- [ RunTime:0.000307s ]

[ 2016-04-20T15:21:19+08:00 ] 127.0.0.1 /Member/delete
INFO: [ app_init ] --START--
INFO: Run Behavior\BuildLiteBehavior [ RunTime:0.000010s ]
INFO: [ app_init ] --END-- [ RunTime:0.000219s ]
INFO: [ app_begin ] --START--
INFO: Run Behavior\ReadHtmlCacheBehavior [ RunTime:0.007613s ]
INFO: Run Behavior\CheckLangBehavior [ RunTime:0.000292s ]
INFO: [ app_begin ] --END-- [ RunTime:0.007970s ]
SQL: SHOW COLUMNS FROM `ms_site` [ RunTime:0.0007s ]
SQL: SELECT * FROM `ms_site` WHERE `id` = 1 LIMIT 1   [ RunTime:0.0001s ]
SQL: SHOW COLUMNS FROM `ms_member` [ RunTime:0.0008s ]
SQL: DELETE FROM `ms_member` WHERE `id` IN ('15','19','22') [ RunTime:0.1362s ]
INFO: [ app_end ] --START--
INFO: Run Behavior\ShowPageTraceBehavior [ RunTime:0.000440s ]
INFO: [ app_end ] --END-- [ RunTime:0.000481s ]

[ 2016-04-20T15:21:21+08:00 ] 127.0.0.1 /Member/index.html
INFO: [ app_init ] --START--
INFO: Run Behavior\BuildLiteBehavior [ RunTime:0.000017s ]
INFO: [ app_init ] --END-- [ RunTime:0.000379s ]
INFO: [ app_begin ] --START--
INFO: Run Behavior\ReadHtmlCacheBehavior [ RunTime:0.000457s ]
INFO: Run Behavior\CheckLangBehavior [ RunTime:0.000437s ]
INFO: [ app_begin ] --END-- [ RunTime:0.000998s ]
SQL: SHOW COLUMNS FROM `ms_site` [ RunTime:0.0008s ]
SQL: SELECT * FROM `ms_site` WHERE `id` = 1 LIMIT 1   [ RunTime:0.0002s ]
SQL: SHOW COLUMNS FROM `ms_member` [ RunTime:0.0006s ]
SQL: SELECT * FROM `ms_member`  [ RunTime:0.0002s ]
SQL: SELECT * FROM `ms_member` WHERE (  1 ) ORDER BY create_at DESC LIMIT 0,10   [ RunTime:0.0005s ]
INFO: [ view_parse ] --START--
INFO: [ template_filter ] --START--
INFO: Run Behavior\ContentReplaceBehavior [ RunTime:0.000495s ]
INFO: [ template_filter ] --END-- [ RunTime:0.000837s ]
NOTIC: [8] Undefined variable: search /home/wj/www/thinkphp3.2/membership/Application/Runtime/Cache/Home/fdc24d97de08be5342dd939702a23904.php 第 852 行.
NOTIC: [8] Undefined variable: search /home/wj/www/thinkphp3.2/membership/Application/Runtime/Cache/Home/fdc24d97de08be5342dd939702a23904.php 第 853 行.
NOTIC: [8] Undefined variable: search /home/wj/www/thinkphp3.2/membership/Application/Runtime/Cache/Home/fdc24d97de08be5342dd939702a23904.php 第 854 行.
INFO: Run Behavior\ParseTemplateBehavior [ RunTime:0.070787s ]
INFO: [ view_parse ] --END-- [ RunTime:0.070847s ]
INFO: [ view_filter ] --START--
INFO: Run Behavior\WriteHtmlCacheBehavior [ RunTime:0.000252s ]
INFO: [ view_filter ] --END-- [ RunTime:0.000295s ]
INFO: [ app_end ] --START--
INFO: Run Behavior\ShowPageTraceBehavior [ RunTime:0.000417s ]
INFO: [ app_end ] --END-- [ RunTime:0.000454s ]

[ 2016-04-20T15:21:33+08:00 ] 127.0.0.1 /Member/index.html
INFO: [ app_init ] --START--
INFO: Run Behavior\BuildLiteBehavior [ RunTime:0.000012s ]
INFO: [ app_init ] --END-- [ RunTime:0.000279s ]
INFO: [ app_begin ] --START--
INFO: Run Behavior\ReadHtmlCacheBehavior [ RunTime:0.000307s ]
INFO: Run Behavior\CheckLangBehavior [ RunTime:0.000289s ]
INFO: [ app_begin ] --END-- [ RunTime:0.000652s ]
SQL: SHOW COLUMNS FROM `ms_site` [ RunTime:0.0006s ]
SQL: SELECT * FROM `ms_site` WHERE `id` = 1 LIMIT 1   [ RunTime:0.0001s ]
SQL: SHOW COLUMNS FROM `ms_member` [ RunTime:0.0006s ]
SQL: SELECT * FROM `ms_member`  [ RunTime:0.0001s ]
SQL: SELECT * FROM `ms_member` WHERE (  1 ) ORDER BY create_at DESC LIMIT 0,10   [ RunTime:0.0001s ]
INFO: [ view_parse ] --START--
INFO: [ template_filter ] --START--
INFO: Run Behavior\ContentReplaceBehavior [ RunTime:0.000097s ]
INFO: [ template_filter ] --END-- [ RunTime:0.000137s ]
NOTIC: [8] Undefined variable: search /home/wj/www/thinkphp3.2/membership/Application/Runtime/Cache/Home/fdc24d97de08be5342dd939702a23904.php 第 852 行.
NOTIC: [8] Undefined variable: search /home/wj/www/thinkphp3.2/membership/Application/Runtime/Cache/Home/fdc24d97de08be5342dd939702a23904.php 第 853 行.
NOTIC: [8] Undefined variable: search /home/wj/www/thinkphp3.2/membership/Application/Runtime/Cache/Home/fdc24d97de08be5342dd939702a23904.php 第 854 行.
INFO: Run Behavior\ParseTemplateBehavior [ RunTime:0.030018s ]
INFO: [ view_parse ] --END-- [ RunTime:0.030046s ]
INFO: [ view_filter ] --START--
INFO: Run Behavior\WriteHtmlCacheBehavior [ RunTime:0.000123s ]
INFO: [ view_filter ] --END-- [ RunTime:0.000146s ]
INFO: [ app_end ] --START--
INFO: Run Behavior\ShowPageTraceBehavior [ RunTime:0.000356s ]
INFO: [ app_end ] --END-- [ RunTime:0.000390s ]

[ 2016-04-20T15:23:13+08:00 ] 127.0.0.1 /Member/index.html
INFO: [ app_init ] --START--
INFO: Run Behavior\BuildLiteBehavior [ RunTime:0.000011s ]
INFO: [ app_init ] --END-- [ RunTime:0.000238s ]
INFO: [ app_begin ] --START--
INFO: Run Behavior\ReadHtmlCacheBehavior [ RunTime:0.000286s ]
INFO: Run Behavior\CheckLangBehavior [ RunTime:0.000267s ]
INFO: [ app_begin ] --END-- [ RunTime:0.000609s ]
SQL: SHOW COLUMNS FROM `ms_site` [ RunTime:0.0006s ]
SQL: SELECT * FROM `ms_site` WHERE `id` = 1 LIMIT 1   [ RunTime:0.0001s ]
SQL: SHOW COLUMNS FROM `ms_member` [ RunTime:0.0006s ]
SQL: SELECT * FROM `ms_member`  [ RunTime:0.0002s ]
SQL: SELECT * FROM `ms_member` WHERE (  1 ) ORDER BY create_at DESC LIMIT 0,10   [ RunTime:0.0002s ]
INFO: [ view_parse ] --START--
INFO: [ template_filter ] --START--
INFO: Run Behavior\ContentReplaceBehavior [ RunTime:0.000096s ]
INFO: [ template_filter ] --END-- [ RunTime:0.000136s ]
NOTIC: [8] Undefined variable: search /home/wj/www/thinkphp3.2/membership/Application/Runtime/Cache/Home/fdc24d97de08be5342dd939702a23904.php 第 852 行.
NOTIC: [8] Undefined variable: search /home/wj/www/thinkphp3.2/membership/Application/Runtime/Cache/Home/fdc24d97de08be5342dd939702a23904.php 第 853 行.
NOTIC: [8] Undefined variable: search /home/wj/www/thinkphp3.2/membership/Application/Runtime/Cache/Home/fdc24d97de08be5342dd939702a23904.php 第 854 行.
NOTIC: [2] date() expects parameter 2 to be long, string given /home/wj/www/thinkphp3.2/membership/Application/Runtime/Cache/Home/fdc24d97de08be5342dd939702a23904.php 第 902 行.
INFO: Run Behavior\ParseTemplateBehavior [ RunTime:0.021423s ]
INFO: [ view_parse ] --END-- [ RunTime:0.021475s ]
INFO: [ view_filter ] --START--
INFO: Run Behavior\WriteHtmlCacheBehavior [ RunTime:0.000172s ]
INFO: [ view_filter ] --END-- [ RunTime:0.000211s ]
INFO: [ app_end ] --START--
INFO: Run Behavior\ShowPageTraceBehavior [ RunTime:0.000581s ]
INFO: [ app_end ] --END-- [ RunTime:0.000648s ]

[ 2016-04-20T15:26:29+08:00 ] 127.0.0.1 /Member/index.html
INFO: [ app_init ] --START--
INFO: Run Behavior\BuildLiteBehavior [ RunTime:0.000023s ]
INFO: [ app_init ] --END-- [ RunTime:0.001472s ]
INFO: [ app_begin ] --START--
INFO: Run Behavior\ReadHtmlCacheBehavior [ RunTime:0.000299s ]
INFO: Run Behavior\CheckLangBehavior [ RunTime:0.000253s ]
INFO: [ app_begin ] --END-- [ RunTime:0.000610s ]
SQL: SHOW COLUMNS FROM `ms_site` [ RunTime:0.0006s ]
SQL: SELECT * FROM `ms_site` WHERE `id` = 1 LIMIT 1   [ RunTime:0.0001s ]
SQL: SHOW COLUMNS FROM `ms_member` [ RunTime:0.0005s ]
SQL: SELECT * FROM `ms_member`  [ RunTime:0.0001s ]
SQL: SELECT * FROM `ms_member` WHERE `phone` <> null ORDER BY create_at DESC LIMIT 0,10   [ RunTime:0.0003s ]
INFO: [ view_parse ] --START--
INFO: [ template_filter ] --START--
INFO: Run Behavior\ContentReplaceBehavior [ RunTime:0.000101s ]
INFO: [ template_filter ] --END-- [ RunTime:0.000142s ]
NOTIC: [8] Undefined variable: search /home/wj/www/thinkphp3.2/membership/Application/Runtime/Cache/Home/fdc24d97de08be5342dd939702a23904.php 第 852 行.
NOTIC: [8] Undefined variable: search /home/wj/www/thinkphp3.2/membership/Application/Runtime/Cache/Home/fdc24d97de08be5342dd939702a23904.php 第 853 行.
NOTIC: [8] Undefined variable: search /home/wj/www/thinkphp3.2/membership/Application/Runtime/Cache/Home/fdc24d97de08be5342dd939702a23904.php 第 854 行.
INFO: Run Behavior\ParseTemplateBehavior [ RunTime:0.039791s ]
INFO: [ view_parse ] --END-- [ RunTime:0.039850s ]
INFO: [ view_filter ] --START--
INFO: Run Behavior\WriteHtmlCacheBehavior [ RunTime:0.000098s ]
INFO: [ view_filter ] --END-- [ RunTime:0.000120s ]
INFO: [ app_end ] --START--
INFO: Run Behavior\ShowPageTraceBehavior [ RunTime:0.000486s ]
INFO: [ app_end ] --END-- [ RunTime:0.000512s ]

[ 2016-04-20T15:31:00+08:00 ] 127.0.0.1 /Member/index.html
INFO: [ app_init ] --START--
INFO: Run Behavior\BuildLiteBehavior [ RunTime:0.000009s ]
INFO: [ app_init ] --END-- [ RunTime:0.000209s ]
INFO: [ app_begin ] --START--
INFO: Run Behavior\ReadHtmlCacheBehavior [ RunTime:0.000272s ]
INFO: Run Behavior\CheckLangBehavior [ RunTime:0.000232s ]
INFO: [ app_begin ] --END-- [ RunTime:0.000554s ]
SQL: SHOW COLUMNS FROM `ms_site` [ RunTime:0.0006s ]
SQL: SELECT * FROM `ms_site` WHERE `id` = 1 LIMIT 1   [ RunTime:0.0001s ]
SQL: SHOW COLUMNS FROM `ms_member` [ RunTime:0.0007s ]
SQL: SELECT * FROM `ms_member`  [ RunTime:0.0007s ]
SQL: SELECT * FROM `ms_member` WHERE `phone` <> null ORDER BY create_at DESC LIMIT 0,10   [ RunTime:0.0002s ]
INFO: [ view_parse ] --START--
INFO: [ template_filter ] --START--
INFO: Run Behavior\ContentReplaceBehavior [ RunTime:0.000110s ]
INFO: [ template_filter ] --END-- [ RunTime:0.000151s ]
NOTIC: [8] Undefined variable: search /home/wj/www/thinkphp3.2/membership/Application/Runtime/Cache/Home/fdc24d97de08be5342dd939702a23904.php 第 852 行.
NOTIC: [8] Undefined variable: search /home/wj/www/thinkphp3.2/membership/Application/Runtime/Cache/Home/fdc24d97de08be5342dd939702a23904.php 第 853 行.
NOTIC: [8] Undefined variable: search /home/wj/www/thinkphp3.2/membership/Application/Runtime/Cache/Home/fdc24d97de08be5342dd939702a23904.php 第 854 行.
INFO: Run Behavior\ParseTemplateBehavior [ RunTime:0.025862s ]
INFO: [ view_parse ] --END-- [ RunTime:0.025907s ]
INFO: [ view_filter ] --START--
INFO: Run Behavior\WriteHtmlCacheBehavior [ RunTime:0.000097s ]
INFO: [ view_filter ] --END-- [ RunTime:0.000118s ]
INFO: [ app_end ] --START--
INFO: Run Behavior\ShowPageTraceBehavior [ RunTime:0.000282s ]
INFO: [ app_end ] --END-- [ RunTime:0.000312s ]

[ 2016-04-20T15:31:52+08:00 ] 127.0.0.1 /Member/index.html
INFO: [ app_init ] --START--
INFO: Run Behavior\BuildLiteBehavior [ RunTime:0.000012s ]
INFO: [ app_init ] --END-- [ RunTime:0.000259s ]
INFO: [ app_begin ] --START--
INFO: Run Behavior\ReadHtmlCacheBehavior [ RunTime:0.000903s ]
INFO: Run Behavior\CheckLangBehavior [ RunTime:0.000831s ]
INFO: [ app_begin ] --END-- [ RunTime:0.001903s ]
SQL: SHOW COLUMNS FROM `ms_site` [ RunTime:0.0006s ]
SQL: SELECT * FROM `ms_site` WHERE `id` = 1 LIMIT 1   [ RunTime:0.0001s ]
SQL: SHOW COLUMNS FROM `ms_member` [ RunTime:0.0008s ]

[ 2016-04-20T15:32:26+08:00 ] 127.0.0.1 /Member/index.html
INFO: [ app_init ] --START--
INFO: Run Behavior\BuildLiteBehavior [ RunTime:0.000012s ]
INFO: [ app_init ] --END-- [ RunTime:0.000256s ]
INFO: [ app_begin ] --START--
INFO: Run Behavior\ReadHtmlCacheBehavior [ RunTime:0.000296s ]
INFO: Run Behavior\CheckLangBehavior [ RunTime:0.000476s ]
INFO: [ app_begin ] --END-- [ RunTime:0.000877s ]
SQL: SHOW COLUMNS FROM `ms_site` [ RunTime:0.0005s ]
SQL: SELECT * FROM `ms_site` WHERE `id` = 1 LIMIT 1   [ RunTime:0.0001s ]
SQL: SHOW COLUMNS FROM `ms_member` [ RunTime:0.0005s ]
SQL: SELECT * FROM `ms_member`  [ RunTime:0.0001s ]
SQL: SELECT * FROM `ms_member` WHERE `phone` <> null ORDER BY create_at DESC LIMIT 0,10   [ RunTime:0.0001s ]

[ 2016-04-20T15:35:28+08:00 ] 127.0.0.1 /Member/index.html
INFO: [ app_init ] --START--
INFO: Run Behavior\BuildLiteBehavior [ RunTime:0.000026s ]
INFO: [ app_init ] --END-- [ RunTime:0.017548s ]
INFO: [ app_begin ] --START--
INFO: Run Behavior\ReadHtmlCacheBehavior [ RunTime:0.000926s ]
INFO: Run Behavior\CheckLangBehavior [ RunTime:0.015953s ]
INFO: [ app_begin ] --END-- [ RunTime:0.017125s ]
SQL: SHOW COLUMNS FROM `ms_site` [ RunTime:0.0005s ]
SQL: SELECT * FROM `ms_site` WHERE `id` = 1 LIMIT 1   [ RunTime:0.0001s ]
SQL: SHOW COLUMNS FROM `ms_member` [ RunTime:0.0006s ]
SQL: SELECT * FROM `ms_member`  [ RunTime:0.0002s ]
ERR: 表达式错误:expr

[ 2016-04-20T15:35:41+08:00 ] 127.0.0.1 /Member/index.html
INFO: [ app_init ] --START--
INFO: Run Behavior\BuildLiteBehavior [ RunTime:0.000012s ]
INFO: [ app_init ] --END-- [ RunTime:0.000743s ]
INFO: [ app_begin ] --START--
INFO: Run Behavior\ReadHtmlCacheBehavior [ RunTime:0.005496s ]
INFO: Run Behavior\CheckLangBehavior [ RunTime:0.000291s ]
INFO: [ app_begin ] --END-- [ RunTime:0.005851s ]
SQL: SHOW COLUMNS FROM `ms_site` [ RunTime:0.0006s ]
SQL: SELECT * FROM `ms_site` WHERE `id` = 1 LIMIT 1   [ RunTime:0.0001s ]
SQL: SHOW COLUMNS FROM `ms_member` [ RunTime:0.0005s ]
SQL: SELECT * FROM `ms_member`  [ RunTime:0.0001s ]
ERR: 表达式错误:expr

[ 2016-04-20T15:35:54+08:00 ] 127.0.0.1 /Member/index.html
INFO: [ app_init ] --START--
INFO: Run Behavior\BuildLiteBehavior [ RunTime:0.000010s ]
INFO: [ app_init ] --END-- [ RunTime:0.000215s ]
INFO: [ app_begin ] --START--
INFO: Run Behavior\ReadHtmlCacheBehavior [ RunTime:0.000499s ]
INFO: Run Behavior\CheckLangBehavior [ RunTime:0.000223s ]
INFO: [ app_begin ] --END-- [ RunTime:0.000768s ]
SQL: SHOW COLUMNS FROM `ms_site` [ RunTime:0.0006s ]
SQL: SELECT * FROM `ms_site` WHERE `id` = 1 LIMIT 1   [ RunTime:0.0001s ]
SQL: SHOW COLUMNS FROM `ms_member` [ RunTime:0.0008s ]
SQL: SELECT * FROM `ms_member`  [ RunTime:0.0002s ]
SQL: SELECT * FROM `ms_member` WHERE `phone`  is not null ORDER BY create_at DESC LIMIT 0,10   [ RunTime:0.0094s ]

[ 2016-04-20T15:36:41+08:00 ] 127.0.0.1 /Member/index.html
INFO: [ app_init ] --START--
INFO: Run Behavior\BuildLiteBehavior [ RunTime:0.000014s ]
INFO: [ app_init ] --END-- [ RunTime:0.001159s ]
INFO: [ app_begin ] --START--
INFO: Run Behavior\ReadHtmlCacheBehavior [ RunTime:0.018926s ]
INFO: Run Behavior\CheckLangBehavior [ RunTime:0.000319s ]
INFO: [ app_begin ] --END-- [ RunTime:0.019327s ]
SQL: SHOW COLUMNS FROM `ms_site` [ RunTime:0.0026s ]
SQL: SELECT * FROM `ms_site` WHERE `id` = 1 LIMIT 1   [ RunTime:0.0007s ]
SQL: SHOW COLUMNS FROM `ms_member` [ RunTime:0.0007s ]
SQL: SELECT * FROM `ms_member`  [ RunTime:0.0001s ]
SQL: SELECT * FROM `ms_member` WHERE `phone`  is not null ORDER BY create_at DESC LIMIT 0,10   [ RunTime:0.0001s ]
INFO: [ view_parse ] --START--
INFO: [ template_filter ] --START--
INFO: Run Behavior\ContentReplaceBehavior [ RunTime:0.000116s ]
INFO: [ template_filter ] --END-- [ RunTime:0.000164s ]
NOTIC: [8] Undefined variable: search /home/wj/www/thinkphp3.2/membership/Application/Runtime/Cache/Home/fdc24d97de08be5342dd939702a23904.php 第 852 行.
NOTIC: [8] Undefined variable: search /home/wj/www/thinkphp3.2/membership/Application/Runtime/Cache/Home/fdc24d97de08be5342dd939702a23904.php 第 853 行.
NOTIC: [8] Undefined variable: search /home/wj/www/thinkphp3.2/membership/Application/Runtime/Cache/Home/fdc24d97de08be5342dd939702a23904.php 第 854 行.
INFO: Run Behavior\ParseTemplateBehavior [ RunTime:0.040708s ]
INFO: [ view_parse ] --END-- [ RunTime:0.040770s ]
INFO: [ view_filter ] --START--
INFO: Run Behavior\WriteHtmlCacheBehavior [ RunTime:0.000168s ]
INFO: [ view_filter ] --END-- [ RunTime:0.000198s ]
INFO: [ app_end ] --START--
INFO: Run Behavior\ShowPageTraceBehavior [ RunTime:0.001003s ]
INFO: [ app_end ] --END-- [ RunTime:0.001120s ]

[ 2016-04-20T15:36:48+08:00 ] 127.0.0.1 /Member/index.html
INFO: [ app_init ] --START--
INFO: Run Behavior\BuildLiteBehavior [ RunTime:0.000012s ]
INFO: [ app_init ] --END-- [ RunTime:0.007534s ]
INFO: [ app_begin ] --START--
INFO: Run Behavior\ReadHtmlCacheBehavior [ RunTime:0.000656s ]
INFO: Run Behavior\CheckLangBehavior [ RunTime:0.000399s ]
INFO: [ app_begin ] --END-- [ RunTime:0.001155s ]
SQL: SHOW COLUMNS FROM `ms_site` [ RunTime:0.0007s ]
SQL: SELECT * FROM `ms_site` WHERE `id` = 1 LIMIT 1   [ RunTime:0.0001s ]
SQL: SHOW COLUMNS FROM `ms_member` [ RunTime:0.0009s ]
SQL: SELECT * FROM `ms_member`  [ RunTime:0.0001s ]
ERR: 1064:You have an error in your SQL syntax; check the manual that corresponds to your MariaDB server version for the right syntax to use near '%1% and phone neq null ORDER BY create_at DESC LIMIT 0,10' at line 1
 [ SQL语句 ] : SELECT * FROM `ms_member` WHERE `phone` like %1% and phone neq null ORDER BY create_at DESC LIMIT 0,10  
ERR: 1064:You have an error in your SQL syntax; check the manual that corresponds to your MariaDB server version for the right syntax to use near '%1% and phone neq null ORDER BY create_at DESC LIMIT 0,10' at line 1
 [ SQL语句 ] : SELECT * FROM `ms_member` WHERE `phone` like %1% and phone neq null ORDER BY create_at DESC LIMIT 0,10  

[ 2016-04-20T15:37:19+08:00 ] 127.0.0.1 /Member/index.html
INFO: [ app_init ] --START--
INFO: Run Behavior\BuildLiteBehavior [ RunTime:0.000022s ]
INFO: [ app_init ] --END-- [ RunTime:0.000642s ]
INFO: [ app_begin ] --START--
INFO: Run Behavior\ReadHtmlCacheBehavior [ RunTime:0.005421s ]
INFO: Run Behavior\CheckLangBehavior [ RunTime:0.000412s ]
INFO: [ app_begin ] --END-- [ RunTime:0.006025s ]
SQL: SHOW COLUMNS FROM `ms_site` [ RunTime:0.0007s ]
SQL: SELECT * FROM `ms_site` WHERE `id` = 1 LIMIT 1   [ RunTime:0.0001s ]
SQL: SHOW COLUMNS FROM `ms_member` [ RunTime:0.0021s ]
SQL: SELECT * FROM `ms_member`  [ RunTime:0.0002s ]
ERR: 1064:You have an error in your SQL syntax; check the manual that corresponds to your MariaDB server version for the right syntax to use near '%1% and phone is not null ORDER BY create_at DESC LIMIT 0,10' at line 1
 [ SQL语句 ] : SELECT * FROM `ms_member` WHERE `phone` like %1% and phone is not null ORDER BY create_at DESC LIMIT 0,10  
ERR: 1064:You have an error in your SQL syntax; check the manual that corresponds to your MariaDB server version for the right syntax to use near '%1% and phone is not null ORDER BY create_at DESC LIMIT 0,10' at line 1
 [ SQL语句 ] : SELECT * FROM `ms_member` WHERE `phone` like %1% and phone is not null ORDER BY create_at DESC LIMIT 0,10  

[ 2016-04-20T15:44:17+08:00 ] 127.0.0.1 /Member/index.html
INFO: [ app_init ] --START--
INFO: Run Behavior\BuildLiteBehavior [ RunTime:0.000012s ]
INFO: [ app_init ] --END-- [ RunTime:0.005580s ]
INFO: [ app_begin ] --START--
INFO: Run Behavior\ReadHtmlCacheBehavior [ RunTime:0.000520s ]
INFO: Run Behavior\CheckLangBehavior [ RunTime:0.000305s ]
INFO: [ app_begin ] --END-- [ RunTime:0.000889s ]
SQL: SHOW COLUMNS FROM `ms_site` [ RunTime:0.0006s ]
SQL: SELECT * FROM `ms_site` WHERE `id` = 1 LIMIT 1   [ RunTime:0.0001s ]
SQL: SHOW COLUMNS FROM `ms_member` [ RunTime:0.0007s ]
SQL: SELECT * FROM `ms_member`  [ RunTime:0.0002s ]
ERR: 1064:You have an error in your SQL syntax; check the manual that corresponds to your MariaDB server version for the right syntax to use near '%1% and phone is not null AND `name` LIKE '%w%' ORDER BY create_at DESC LIMIT 0,' at line 1
 [ SQL语句 ] : SELECT * FROM `ms_member` WHERE `phone` like %1% and phone is not null AND `name` LIKE '%w%' ORDER BY create_at DESC LIMIT 0,10  
ERR: 1064:You have an error in your SQL syntax; check the manual that corresponds to your MariaDB server version for the right syntax to use near '%1% and phone is not null AND `name` LIKE '%w%' ORDER BY create_at DESC LIMIT 0,' at line 1
 [ SQL语句 ] : SELECT * FROM `ms_member` WHERE `phone` like %1% and phone is not null AND `name` LIKE '%w%' ORDER BY create_at DESC LIMIT 0,10  

[ 2016-04-20T15:44:29+08:00 ] 127.0.0.1 /Member/index.html
INFO: [ app_init ] --START--
INFO: Run Behavior\BuildLiteBehavior [ RunTime:0.000011s ]
INFO: [ app_init ] --END-- [ RunTime:0.000432s ]
INFO: [ app_begin ] --START--
INFO: Run Behavior\ReadHtmlCacheBehavior [ RunTime:0.009954s ]
INFO: Run Behavior\CheckLangBehavior [ RunTime:0.001504s ]
INFO: [ app_begin ] --END-- [ RunTime:0.011785s ]
SQL: SHOW COLUMNS FROM `ms_site` [ RunTime:0.0004s ]
SQL: SELECT * FROM `ms_site` WHERE `id` = 1 LIMIT 1   [ RunTime:0.0001s ]
SQL: SHOW COLUMNS FROM `ms_member` [ RunTime:0.0006s ]
SQL: SELECT * FROM `ms_member`  [ RunTime:0.0001s ]
SQL: SELECT * FROM `ms_member` WHERE `phone`  is not null AND `name` LIKE '%w%' ORDER BY create_at DESC LIMIT 0,10   [ RunTime:0.0076s ]
INFO: [ view_parse ] --START--
INFO: [ template_filter ] --START--
INFO: Run Behavior\ContentReplaceBehavior [ RunTime:0.000096s ]
INFO: [ template_filter ] --END-- [ RunTime:0.000138s ]
INFO: Run Behavior\ParseTemplateBehavior [ RunTime:0.067829s ]
INFO: [ view_parse ] --END-- [ RunTime:0.067885s ]
INFO: [ view_filter ] --START--
INFO: Run Behavior\WriteHtmlCacheBehavior [ RunTime:0.000399s ]
INFO: [ view_filter ] --END-- [ RunTime:0.000619s ]
INFO: [ app_end ] --START--
INFO: Run Behavior\ShowPageTraceBehavior [ RunTime:0.008927s ]
INFO: [ app_end ] --END-- [ RunTime:0.009046s ]

[ 2016-04-20T15:44:39+08:00 ] 127.0.0.1 /Member/index.html
INFO: [ app_init ] --START--
INFO: Run Behavior\BuildLiteBehavior [ RunTime:0.000015s ]
INFO: [ app_init ] --END-- [ RunTime:0.008962s ]
INFO: [ app_begin ] --START--
INFO: Run Behavior\ReadHtmlCacheBehavior [ RunTime:0.001442s ]
INFO: Run Behavior\CheckLangBehavior [ RunTime:0.000341s ]
INFO: [ app_begin ] --END-- [ RunTime:0.001959s ]
SQL: SHOW COLUMNS FROM `ms_site` [ RunTime:0.0005s ]
SQL: SELECT * FROM `ms_site` WHERE `id` = 1 LIMIT 1   [ RunTime:0.0001s ]
SQL: SHOW COLUMNS FROM `ms_member` [ RunTime:0.0006s ]
SQL: SELECT * FROM `ms_member`  [ RunTime:0.0002s ]
SQL: SELECT * FROM `ms_member` WHERE `phone`  is not null AND `name` LIKE '%w%' ORDER BY create_at DESC LIMIT 0,10   [ RunTime:0.0002s ]

[ 2016-04-20T15:45:04+08:00 ] 127.0.0.1 /Member/index.html
INFO: [ app_init ] --START--
INFO: Run Behavior\BuildLiteBehavior [ RunTime:0.000014s ]
INFO: [ app_init ] --END-- [ RunTime:0.006272s ]
INFO: [ app_begin ] --START--
INFO: Run Behavior\ReadHtmlCacheBehavior [ RunTime:0.005476s ]
INFO: Run Behavior\CheckLangBehavior [ RunTime:0.000299s ]
INFO: [ app_begin ] --END-- [ RunTime:0.005838s ]
SQL: SHOW COLUMNS FROM `ms_site` [ RunTime:0.0005s ]
SQL: SELECT * FROM `ms_site` WHERE `id` = 1 LIMIT 1   [ RunTime:0.0001s ]
SQL: SHOW COLUMNS FROM `ms_member` [ RunTime:0.0005s ]
SQL: SELECT * FROM `ms_member`  [ RunTime:0.0001s ]
SQL: SELECT * FROM `ms_member` WHERE `phone`  is not null ORDER BY create_at DESC LIMIT 0,10   [ RunTime:0.0001s ]

[ 2016-04-20T15:45:11+08:00 ] 127.0.0.1 /Member/index.html
INFO: [ app_init ] --START--
INFO: Run Behavior\BuildLiteBehavior [ RunTime:0.000010s ]
INFO: [ app_init ] --END-- [ RunTime:0.000237s ]
INFO: [ app_begin ] --START--
INFO: Run Behavior\ReadHtmlCacheBehavior [ RunTime:0.000283s ]
INFO: Run Behavior\CheckLangBehavior [ RunTime:0.000242s ]
INFO: [ app_begin ] --END-- [ RunTime:0.000582s ]
SQL: SHOW COLUMNS FROM `ms_site` [ RunTime:0.0007s ]
SQL: SELECT * FROM `ms_site` WHERE `id` = 1 LIMIT 1   [ RunTime:0.0001s ]
SQL: SHOW COLUMNS FROM `ms_member` [ RunTime:0.0009s ]
SQL: SELECT * FROM `ms_member`  [ RunTime:0.0001s ]
SQL: SELECT * FROM `ms_member` WHERE `phone`  is not null ORDER BY create_at DESC LIMIT 0,10   [ RunTime:0.0005s ]
INFO: [ view_parse ] --START--
INFO: [ template_filter ] --START--
INFO: Run Behavior\ContentReplaceBehavior [ RunTime:0.000105s ]
INFO: [ template_filter ] --END-- [ RunTime:0.000146s ]
NOTIC: [8] Undefined variable: search /home/wj/www/thinkphp3.2/membership/Application/Runtime/Cache/Home/fdc24d97de08be5342dd939702a23904.php 第 852 行.
NOTIC: [8] Undefined variable: search /home/wj/www/thinkphp3.2/membership/Application/Runtime/Cache/Home/fdc24d97de08be5342dd939702a23904.php 第 853 行.
NOTIC: [8] Undefined variable: search /home/wj/www/thinkphp3.2/membership/Application/Runtime/Cache/Home/fdc24d97de08be5342dd939702a23904.php 第 854 行.
INFO: Run Behavior\ParseTemplateBehavior [ RunTime:0.019683s ]
INFO: [ view_parse ] --END-- [ RunTime:0.019724s ]
INFO: [ view_filter ] --START--
INFO: Run Behavior\WriteHtmlCacheBehavior [ RunTime:0.000108s ]
INFO: [ view_filter ] --END-- [ RunTime:0.000130s ]
INFO: [ app_end ] --START--
INFO: Run Behavior\ShowPageTraceBehavior [ RunTime:0.000287s ]
INFO: [ app_end ] --END-- [ RunTime:0.000313s ]

[ 2016-04-20T15:45:17+08:00 ] 127.0.0.1 /Member/index.html
INFO: [ app_init ] --START--
INFO: Run Behavior\BuildLiteBehavior [ RunTime:0.000014s ]
INFO: [ app_init ] --END-- [ RunTime:0.000251s ]
INFO: [ app_begin ] --START--
INFO: Run Behavior\ReadHtmlCacheBehavior [ RunTime:0.000278s ]
INFO: Run Behavior\CheckLangBehavior [ RunTime:0.000271s ]
INFO: [ app_begin ] --END-- [ RunTime:0.000608s ]
SQL: SHOW COLUMNS FROM `ms_site` [ RunTime:0.0006s ]
SQL: SELECT * FROM `ms_site` WHERE `id` = 1 LIMIT 1   [ RunTime:0.0001s ]
SQL: SHOW COLUMNS FROM `ms_member` [ RunTime:0.0006s ]
SQL: SELECT * FROM `ms_member`  [ RunTime:0.0001s ]
SQL: SELECT * FROM `ms_member` WHERE `phone` like '%1%' and phone is not null ORDER BY create_at DESC LIMIT 0,10   [ RunTime:0.0003s ]
INFO: [ view_parse ] --START--
INFO: [ template_filter ] --START--
INFO: Run Behavior\ContentReplaceBehavior [ RunTime:0.000124s ]
INFO: [ template_filter ] --END-- [ RunTime:0.000166s ]
INFO: Run Behavior\ParseTemplateBehavior [ RunTime:0.016226s ]
INFO: [ view_parse ] --END-- [ RunTime:0.016263s ]
INFO: [ view_filter ] --START--
INFO: Run Behavior\WriteHtmlCacheBehavior [ RunTime:0.000110s ]
INFO: [ view_filter ] --END-- [ RunTime:0.000133s ]
INFO: [ app_end ] --START--
INFO: Run Behavior\ShowPageTraceBehavior [ RunTime:0.000297s ]
INFO: [ app_end ] --END-- [ RunTime:0.000329s ]

[ 2016-04-20T15:45:22+08:00 ] 127.0.0.1 /Member/index.html
INFO: [ app_init ] --START--
INFO: Run Behavior\BuildLiteBehavior [ RunTime:0.000012s ]
INFO: [ app_init ] --END-- [ RunTime:0.000257s ]
INFO: [ app_begin ] --START--
INFO: Run Behavior\ReadHtmlCacheBehavior [ RunTime:0.000344s ]
INFO: Run Behavior\CheckLangBehavior [ RunTime:0.000267s ]
INFO: [ app_begin ] --END-- [ RunTime:0.000677s ]
SQL: SHOW COLUMNS FROM `ms_site` [ RunTime:0.0006s ]
SQL: SELECT * FROM `ms_site` WHERE `id` = 1 LIMIT 1   [ RunTime:0.0001s ]
SQL: SHOW COLUMNS FROM `ms_member` [ RunTime:0.0007s ]
SQL: SELECT * FROM `ms_member`  [ RunTime:0.0001s ]
SQL: SELECT * FROM `ms_member` WHERE `phone` like '%155%' and phone is not null ORDER BY create_at DESC LIMIT 0,10   [ RunTime:0.0015s ]
INFO: [ view_parse ] --START--
INFO: [ template_filter ] --START--
INFO: Run Behavior\ContentReplaceBehavior [ RunTime:0.000095s ]
INFO: [ template_filter ] --END-- [ RunTime:0.000134s ]
INFO: Run Behavior\ParseTemplateBehavior [ RunTime:0.046240s ]
INFO: [ view_parse ] --END-- [ RunTime:0.046313s ]
INFO: [ view_filter ] --START--
INFO: Run Behavior\WriteHtmlCacheBehavior [ RunTime:0.000132s ]
INFO: [ view_filter ] --END-- [ RunTime:0.000156s ]
INFO: [ app_end ] --START--
INFO: Run Behavior\ShowPageTraceBehavior [ RunTime:0.000308s ]
INFO: [ app_end ] --END-- [ RunTime:0.000349s ]

[ 2016-04-20T16:08:57+08:00 ] 127.0.0.1 /Member/index.html
INFO: [ app_init ] --START--
INFO: Run Behavior\BuildLiteBehavior [ RunTime:0.000011s ]
INFO: [ app_init ] --END-- [ RunTime:0.000252s ]
INFO: [ app_begin ] --START--
INFO: Run Behavior\ReadHtmlCacheBehavior [ RunTime:0.000598s ]
INFO: Run Behavior\CheckLangBehavior [ RunTime:0.032843s ]
INFO: [ app_begin ] --END-- [ RunTime:0.033665s ]
SQL: SHOW COLUMNS FROM `ms_site` [ RunTime:0.0006s ]
SQL: SELECT * FROM `ms_site` WHERE `id` = 1 LIMIT 1   [ RunTime:0.0001s ]
SQL: SHOW COLUMNS FROM `ms_member` [ RunTime:0.0005s ]
SQL: SELECT * FROM `ms_member`  [ RunTime:0.0002s ]
SQL: SELECT * FROM `ms_member` WHERE `phone`  is not null ORDER BY create_at DESC LIMIT 0,10   [ RunTime:0.0003s ]
INFO: [ view_parse ] --START--
INFO: [ template_filter ] --START--
INFO: Run Behavior\ContentReplaceBehavior [ RunTime:0.000094s ]
INFO: [ template_filter ] --END-- [ RunTime:0.000136s ]
NOTIC: [8] Undefined variable: search /home/wj/www/thinkphp3.2/membership/Application/Runtime/Cache/Home/fdc24d97de08be5342dd939702a23904.php 第 852 行.
NOTIC: [8] Undefined variable: search /home/wj/www/thinkphp3.2/membership/Application/Runtime/Cache/Home/fdc24d97de08be5342dd939702a23904.php 第 853 行.
NOTIC: [8] Undefined variable: search /home/wj/www/thinkphp3.2/membership/Application/Runtime/Cache/Home/fdc24d97de08be5342dd939702a23904.php 第 854 行.
INFO: Run Behavior\ParseTemplateBehavior [ RunTime:0.045540s ]
INFO: [ view_parse ] --END-- [ RunTime:0.045603s ]
INFO: [ view_filter ] --START--
INFO: Run Behavior\WriteHtmlCacheBehavior [ RunTime:0.000114s ]
INFO: [ view_filter ] --END-- [ RunTime:0.000138s ]
INFO: [ app_end ] --START--
INFO: Run Behavior\ShowPageTraceBehavior [ RunTime:0.000287s ]
INFO: [ app_end ] --END-- [ RunTime:0.000314s ]

[ 2016-04-20T16:09:04+08:00 ] 127.0.0.1 /Member/getCards.html
INFO: [ app_init ] --START--
INFO: Run Behavior\BuildLiteBehavior [ RunTime:0.000013s ]
INFO: [ app_init ] --END-- [ RunTime:0.013601s ]
INFO: [ app_begin ] --START--
INFO: Run Behavior\ReadHtmlCacheBehavior [ RunTime:0.000365s ]
INFO: Run Behavior\CheckLangBehavior [ RunTime:0.000291s ]
INFO: [ app_begin ] --END-- [ RunTime:0.000726s ]
SQL: SHOW COLUMNS FROM `ms_site` [ RunTime:0.0005s ]
SQL: SELECT * FROM `ms_site` WHERE `id` = 1 LIMIT 1   [ RunTime:0.0001s ]
SQL: SHOW COLUMNS FROM `ms_card` [ RunTime:0.0005s ]
SQL: SELECT * FROM `ms_card` WHERE ( member_id=23 )  [ RunTime:0.0120s ]

[ 2016-04-20T16:28:24+08:00 ] 127.0.0.1 /Member/index.html
INFO: [ app_init ] --START--
INFO: Run Behavior\BuildLiteBehavior [ RunTime:0.000013s ]
INFO: [ app_init ] --END-- [ RunTime:0.004165s ]
INFO: [ app_begin ] --START--
INFO: Run Behavior\ReadHtmlCacheBehavior [ RunTime:0.000311s ]
INFO: Run Behavior\CheckLangBehavior [ RunTime:0.000305s ]
INFO: [ app_begin ] --END-- [ RunTime:0.000678s ]
SQL: SHOW COLUMNS FROM `ms_site` [ RunTime:0.0006s ]
SQL: SELECT * FROM `ms_site` WHERE `id` = 1 LIMIT 1   [ RunTime:0.0001s ]
SQL: SHOW COLUMNS FROM `ms_member` [ RunTime:0.0007s ]
SQL: SELECT * FROM `ms_member`  [ RunTime:0.0002s ]
SQL: SELECT * FROM `ms_member` WHERE `phone`  is not null ORDER BY create_at DESC LIMIT 0,10   [ RunTime:0.0006s ]
INFO: [ view_parse ] --START--
INFO: [ template_filter ] --START--
INFO: Run Behavior\ContentReplaceBehavior [ RunTime:0.000154s ]
INFO: [ template_filter ] --END-- [ RunTime:0.000223s ]
NOTIC: [8] Undefined variable: search /home/wj/www/thinkphp3.2/membership/Application/Runtime/Cache/Home/fdc24d97de08be5342dd939702a23904.php 第 852 行.
NOTIC: [8] Undefined variable: search /home/wj/www/thinkphp3.2/membership/Application/Runtime/Cache/Home/fdc24d97de08be5342dd939702a23904.php 第 853 行.
NOTIC: [8] Undefined variable: search /home/wj/www/thinkphp3.2/membership/Application/Runtime/Cache/Home/fdc24d97de08be5342dd939702a23904.php 第 854 行.
INFO: Run Behavior\ParseTemplateBehavior [ RunTime:0.046862s ]
INFO: [ view_parse ] --END-- [ RunTime:0.046907s ]
INFO: [ view_filter ] --START--
INFO: Run Behavior\WriteHtmlCacheBehavior [ RunTime:0.000117s ]
INFO: [ view_filter ] --END-- [ RunTime:0.000147s ]
INFO: [ app_end ] --START--
INFO: Run Behavior\ShowPageTraceBehavior [ RunTime:0.000336s ]
INFO: [ app_end ] --END-- [ RunTime:0.000366s ]

[ 2016-04-20T16:28:26+08:00 ] 127.0.0.1 /Member/getCards.html
INFO: [ app_init ] --START--
INFO: Run Behavior\BuildLiteBehavior [ RunTime:0.000009s ]
INFO: [ app_init ] --END-- [ RunTime:0.000193s ]
INFO: [ app_begin ] --START--
INFO: Run Behavior\ReadHtmlCacheBehavior [ RunTime:0.000231s ]
INFO: Run Behavior\CheckLangBehavior [ RunTime:0.000233s ]
INFO: [ app_begin ] --END-- [ RunTime:0.000506s ]
SQL: SHOW COLUMNS FROM `ms_site` [ RunTime:0.0005s ]
SQL: SELECT * FROM `ms_site` WHERE `id` = 1 LIMIT 1   [ RunTime:0.0001s ]
SQL: SHOW COLUMNS FROM `ms_card` [ RunTime:0.0004s ]
SQL: SELECT * FROM `ms_card` WHERE ( member_id=24 )  [ RunTime:0.0002s ]

[ 2016-04-20T16:28:28+08:00 ] 127.0.0.1 /Member/getCards.html
INFO: [ app_init ] --START--
INFO: Run Behavior\BuildLiteBehavior [ RunTime:0.000008s ]
INFO: [ app_init ] --END-- [ RunTime:0.000195s ]
INFO: [ app_begin ] --START--
INFO: Run Behavior\ReadHtmlCacheBehavior [ RunTime:0.000235s ]
INFO: Run Behavior\CheckLangBehavior [ RunTime:0.000221s ]
INFO: [ app_begin ] --END-- [ RunTime:0.000499s ]
SQL: SHOW COLUMNS FROM `ms_site` [ RunTime:0.0005s ]
SQL: SELECT * FROM `ms_site` WHERE `id` = 1 LIMIT 1   [ RunTime:0.0001s ]
SQL: SHOW COLUMNS FROM `ms_card` [ RunTime:0.0004s ]
SQL: SELECT * FROM `ms_card` WHERE ( member_id=23 )  [ RunTime:0.0002s ]

[ 2016-04-20T16:28:31+08:00 ] 127.0.0.1 /Member/getCards.html
INFO: [ app_init ] --START--
INFO: Run Behavior\BuildLiteBehavior [ RunTime:0.000009s ]
INFO: [ app_init ] --END-- [ RunTime:0.000208s ]
INFO: [ app_begin ] --START--
INFO: Run Behavior\ReadHtmlCacheBehavior [ RunTime:0.000254s ]
INFO: Run Behavior\CheckLangBehavior [ RunTime:0.000232s ]
INFO: [ app_begin ] --END-- [ RunTime:0.000539s ]
SQL: SHOW COLUMNS FROM `ms_site` [ RunTime:0.0005s ]
SQL: SELECT * FROM `ms_site` WHERE `id` = 1 LIMIT 1   [ RunTime:0.0001s ]
SQL: SHOW COLUMNS FROM `ms_card` [ RunTime:0.0004s ]
SQL: SELECT * FROM `ms_card` WHERE ( member_id=21 )  [ RunTime:0.0002s ]

[ 2016-04-20T16:28:39+08:00 ] 127.0.0.1 /Member/delete
INFO: [ app_init ] --START--
INFO: Run Behavior\BuildLiteBehavior [ RunTime:0.000011s ]
INFO: [ app_init ] --END-- [ RunTime:0.000243s ]
INFO: [ app_begin ] --START--
INFO: Run Behavior\ReadHtmlCacheBehavior [ RunTime:0.000264s ]
INFO: Run Behavior\CheckLangBehavior [ RunTime:0.000238s ]
INFO: [ app_begin ] --END-- [ RunTime:0.000547s ]
SQL: SHOW COLUMNS FROM `ms_site` [ RunTime:0.0006s ]
SQL: SELECT * FROM `ms_site` WHERE `id` = 1 LIMIT 1   [ RunTime:0.0001s ]
SQL: SHOW COLUMNS FROM `ms_member` [ RunTime:0.0006s ]
SQL: DELETE FROM `ms_member` WHERE `id` IN ('21','11','7','5','4','1') [ RunTime:0.0866s ]
INFO: [ app_end ] --START--
INFO: Run Behavior\ShowPageTraceBehavior [ RunTime:0.023395s ]
INFO: [ app_end ] --END-- [ RunTime:0.023442s ]

[ 2016-04-20T16:28:40+08:00 ] 127.0.0.1 /Member/index.html
INFO: [ app_init ] --START--
INFO: Run Behavior\BuildLiteBehavior [ RunTime:0.000014s ]
INFO: [ app_init ] --END-- [ RunTime:0.000343s ]
INFO: [ app_begin ] --START--
INFO: Run Behavior\ReadHtmlCacheBehavior [ RunTime:0.000424s ]
INFO: Run Behavior\CheckLangBehavior [ RunTime:0.000299s ]
INFO: [ app_begin ] --END-- [ RunTime:0.000805s ]
SQL: SHOW COLUMNS FROM `ms_site` [ RunTime:0.0006s ]
SQL: SELECT * FROM `ms_site` WHERE `id` = 1 LIMIT 1   [ RunTime:0.0001s ]
SQL: SHOW COLUMNS FROM `ms_member` [ RunTime:0.0006s ]
SQL: SELECT * FROM `ms_member`  [ RunTime:0.0002s ]
SQL: SELECT * FROM `ms_member` WHERE `phone`  is not null ORDER BY create_at DESC LIMIT 0,10   [ RunTime:0.0133s ]
INFO: [ view_parse ] --START--
INFO: [ template_filter ] --START--
INFO: Run Behavior\ContentReplaceBehavior [ RunTime:0.000169s ]
INFO: [ template_filter ] --END-- [ RunTime:0.000306s ]
NOTIC: [8] Undefined variable: search /home/wj/www/thinkphp3.2/membership/Application/Runtime/Cache/Home/fdc24d97de08be5342dd939702a23904.php 第 852 行.
NOTIC: [8] Undefined variable: search /home/wj/www/thinkphp3.2/membership/Application/Runtime/Cache/Home/fdc24d97de08be5342dd939702a23904.php 第 853 行.
NOTIC: [8] Undefined variable: search /home/wj/www/thinkphp3.2/membership/Application/Runtime/Cache/Home/fdc24d97de08be5342dd939702a23904.php 第 854 行.
INFO: Run Behavior\ParseTemplateBehavior [ RunTime:0.018784s ]
INFO: [ view_parse ] --END-- [ RunTime:0.018879s ]
INFO: [ view_filter ] --START--
INFO: Run Behavior\WriteHtmlCacheBehavior [ RunTime:0.000150s ]
INFO: [ view_filter ] --END-- [ RunTime:0.000173s ]
INFO: [ app_end ] --START--
INFO: Run Behavior\ShowPageTraceBehavior [ RunTime:0.000484s ]
INFO: [ app_end ] --END-- [ RunTime:0.000525s ]

[ 2016-04-20T17:33:51+08:00 ] 127.0.0.1 /Member/index.html
INFO: [ app_init ] --START--
INFO: Run Behavior\BuildLiteBehavior [ RunTime:0.000009s ]
INFO: [ app_init ] --END-- [ RunTime:0.000289s ]
INFO: [ app_begin ] --START--
INFO: Run Behavior\ReadHtmlCacheBehavior [ RunTime:0.000385s ]
INFO: Run Behavior\CheckLangBehavior [ RunTime:0.016832s ]
INFO: [ app_begin ] --END-- [ RunTime:0.017323s ]
SQL: SHOW COLUMNS FROM `ms_site` [ RunTime:0.0005s ]
SQL: SELECT * FROM `ms_site` WHERE `id` = 1 LIMIT 1   [ RunTime:0.0001s ]
SQL: SHOW COLUMNS FROM `ms_member` [ RunTime:0.0007s ]
SQL: SELECT * FROM `ms_member`  [ RunTime:0.0001s ]
SQL: SELECT * FROM `ms_member` WHERE `phone`  is not null ORDER BY create_at DESC LIMIT 0,10   [ RunTime:0.0001s ]
INFO: [ view_parse ] --START--
INFO: [ template_filter ] --START--
INFO: Run Behavior\ContentReplaceBehavior [ RunTime:0.000098s ]
INFO: [ template_filter ] --END-- [ RunTime:0.000139s ]
NOTIC: [8] Undefined variable: search /home/wj/www/thinkphp3.2/membership/Application/Runtime/Cache/Home/fdc24d97de08be5342dd939702a23904.php 第 852 行.
NOTIC: [8] Undefined variable: search /home/wj/www/thinkphp3.2/membership/Application/Runtime/Cache/Home/fdc24d97de08be5342dd939702a23904.php 第 853 行.
NOTIC: [8] Undefined variable: search /home/wj/www/thinkphp3.2/membership/Application/Runtime/Cache/Home/fdc24d97de08be5342dd939702a23904.php 第 854 行.
INFO: Run Behavior\ParseTemplateBehavior [ RunTime:0.036548s ]
INFO: [ view_parse ] --END-- [ RunTime:0.036583s ]
INFO: [ view_filter ] --START--
INFO: Run Behavior\WriteHtmlCacheBehavior [ RunTime:0.000154s ]
INFO: [ view_filter ] --END-- [ RunTime:0.000177s ]
INFO: [ app_end ] --START--
INFO: Run Behavior\ShowPageTraceBehavior [ RunTime:0.000287s ]
INFO: [ app_end ] --END-- [ RunTime:0.000317s ]

[ 2016-04-20T17:33:53+08:00 ] 127.0.0.1 /Member/getCards.html
INFO: [ app_init ] --START--
INFO: Run Behavior\BuildLiteBehavior [ RunTime:0.000009s ]
INFO: [ app_init ] --END-- [ RunTime:0.000199s ]
INFO: [ app_begin ] --START--
INFO: Run Behavior\ReadHtmlCacheBehavior [ RunTime:0.000231s ]
INFO: Run Behavior\CheckLangBehavior [ RunTime:0.000248s ]
INFO: [ app_begin ] --END-- [ RunTime:0.000522s ]
SQL: SHOW COLUMNS FROM `ms_site` [ RunTime:0.0005s ]
SQL: SELECT * FROM `ms_site` WHERE `id` = 1 LIMIT 1   [ RunTime:0.0001s ]
SQL: SHOW COLUMNS FROM `ms_card` [ RunTime:0.0004s ]
SQL: SELECT * FROM `ms_card` WHERE ( member_id=24 )  [ RunTime:0.0001s ]

[ 2016-04-20T17:33:55+08:00 ] 127.0.0.1 /Member/getCards.html
INFO: [ app_init ] --START--
INFO: Run Behavior\BuildLiteBehavior [ RunTime:0.000009s ]
INFO: [ app_init ] --END-- [ RunTime:0.000211s ]
INFO: [ app_begin ] --START--
INFO: Run Behavior\ReadHtmlCacheBehavior [ RunTime:0.000250s ]
INFO: Run Behavior\CheckLangBehavior [ RunTime:0.000233s ]
INFO: [ app_begin ] --END-- [ RunTime:0.000528s ]
SQL: SHOW COLUMNS FROM `ms_site` [ RunTime:0.0005s ]
SQL: SELECT * FROM `ms_site` WHERE `id` = 1 LIMIT 1   [ RunTime:0.0001s ]
SQL: SHOW COLUMNS FROM `ms_card` [ RunTime:0.0005s ]
SQL: SELECT * FROM `ms_card` WHERE ( member_id=23 )  [ RunTime:0.0001s ]

[ 2016-04-20T18:25:55+08:00 ] 127.0.0.1 /Notice/index.html
INFO: [ app_init ] --START--
INFO: Run Behavior\BuildLiteBehavior [ RunTime:0.000008s ]
INFO: [ app_init ] --END-- [ RunTime:0.000205s ]
INFO: [ app_begin ] --START--
INFO: Run Behavior\ReadHtmlCacheBehavior [ RunTime:0.000327s ]
INFO: Run Behavior\CheckLangBehavior [ RunTime:0.016913s ]
INFO: [ app_begin ] --END-- [ RunTime:0.017328s ]
SQL: SHOW COLUMNS FROM `ms_site` [ RunTime:0.0005s ]
SQL: SELECT * FROM `ms_site` WHERE `id` = 1 LIMIT 1   [ RunTime:0.0001s ]
SQL: SHOW COLUMNS FROM `ms_notice` [ RunTime:0.0005s ]
SQL: SELECT * FROM `ms_notice`  [ RunTime:0.0001s ]
SQL: SELECT * FROM `ms_notice` WHERE (  1 ) ORDER BY create_at DESC LIMIT 0,10   [ RunTime:0.0002s ]
INFO: [ view_parse ] --START--
INFO: [ template_filter ] --START--
INFO: Run Behavior\ContentReplaceBehavior [ RunTime:0.000134s ]
INFO: [ template_filter ] --END-- [ RunTime:0.000177s ]
NOTIC: [8] Undefined variable: search /home/wj/www/thinkphp3.2/membership/Application/Runtime/Cache/Home/16012e40a7f6b510e9943e72b2944ba3.php 第 851 行.
INFO: Run Behavior\ParseTemplateBehavior [ RunTime:0.087355s ]
INFO: [ view_parse ] --END-- [ RunTime:0.087403s ]
INFO: [ view_filter ] --START--
INFO: Run Behavior\WriteHtmlCacheBehavior [ RunTime:0.000833s ]
INFO: [ view_filter ] --END-- [ RunTime:0.001005s ]
INFO: [ app_end ] --START--
INFO: Run Behavior\ShowPageTraceBehavior [ RunTime:0.013687s ]
INFO: [ app_end ] --END-- [ RunTime:0.013736s ]

[ 2016-04-20T19:16:23+08:00 ] 127.0.0.1 /favicon.ico
INFO: [ app_init ] --START--
INFO: Run Behavior\BuildLiteBehavior [ RunTime:0.000009s ]
INFO: [ app_init ] --END-- [ RunTime:0.000213s ]

[ 2016-04-20T21:51:38+08:00 ] 127.0.0.1 /favicon.ico
INFO: [ app_init ] --START--
INFO: Run Behavior\BuildLiteBehavior [ RunTime:0.000013s ]
INFO: [ app_init ] --END-- [ RunTime:0.000223s ]

