[ 2016-04-15T18:41:44+08:00 ] 127.0.0.1 /m/Index/index
INFO: [ app_init ] --START--
INFO: Run Behavior\BuildLiteBehavior [ RunTime:0.000009s ]
INFO: [ app_init ] --END-- [ RunTime:0.000210s ]
ERR: 无法加载模块:M

[ 2016-04-15T18:42:09+08:00 ] 127.0.0.1 /m/Index/index
INFO: [ app_init ] --START--
INFO: Run Behavior\BuildLiteBehavior [ RunTime:0.000011s ]
INFO: [ app_init ] --END-- [ RunTime:0.000225s ]
ERR: 无法加载模块:M

[ 2016-04-15T18:48:23+08:00 ] 127.0.0.1 /m/Index/index
INFO: [ app_init ] --START--
INFO: Run Behavior\BuildLiteBehavior [ RunTime:0.000009s ]
INFO: [ app_init ] --END-- [ RunTime:0.000208s ]
ERR: 无法加载模块:M

[ 2016-04-15T19:02:07+08:00 ] 127.0.0.1 /m/Index/index
INFO: [ app_init ] --START--
INFO: Run Behavior\BuildLiteBehavior [ RunTime:0.000008s ]
INFO: [ app_init ] --END-- [ RunTime:0.000205s ]

[ 2016-04-15T19:02:30+08:00 ] 127.0.0.1 /m/Index/index
INFO: [ app_init ] --START--
INFO: Run Behavior\BuildLiteBehavior [ RunTime:0.000012s ]
INFO: [ app_init ] --END-- [ RunTime:0.000203s ]

[ 2016-04-15T19:02:40+08:00 ] 127.0.0.1 /m/Index/index
INFO: [ app_init ] --START--
INFO: Run Behavior\BuildLiteBehavior [ RunTime:0.000013s ]
INFO: [ app_init ] --END-- [ RunTime:0.000219s ]

[ 2016-04-15T19:02:58+08:00 ] 127.0.0.1 /m/Index/index
INFO: [ app_init ] --START--
INFO: Run Behavior\BuildLiteBehavior [ RunTime:0.000012s ]
INFO: [ app_init ] --END-- [ RunTime:0.000335s ]

[ 2016-04-15T19:03:44+08:00 ] 127.0.0.1 /m/Index/index
INFO: [ app_init ] --START--
INFO: Run Behavior\BuildLiteBehavior [ RunTime:0.000009s ]
INFO: [ app_init ] --END-- [ RunTime:0.000197s ]

[ 2016-04-15T19:03:56+08:00 ] 127.0.0.1 /m/Index/index
INFO: [ app_init ] --START--
INFO: Run Behavior\BuildLiteBehavior [ RunTime:0.000009s ]
INFO: [ app_init ] --END-- [ RunTime:0.000215s ]

[ 2016-04-15T19:04:50+08:00 ] 127.0.0.1 /m/Index/index
INFO: [ app_init ] --START--
INFO: Run Behavior\BuildLiteBehavior [ RunTime:0.000009s ]
INFO: [ app_init ] --END-- [ RunTime:0.000200s ]

[ 2016-04-15T19:05:08+08:00 ] 127.0.0.1 /m/Index/index
INFO: [ app_init ] --START--
INFO: Run Behavior\BuildLiteBehavior [ RunTime:0.000017s ]
INFO: [ app_init ] --END-- [ RunTime:0.000356s ]

[ 2016-04-15T19:06:55+08:00 ] 127.0.0.1 /m/Index/index
INFO: [ app_init ] --START--
INFO: Run Behavior\BuildLiteBehavior [ RunTime:0.000013s ]
INFO: [ app_init ] --END-- [ RunTime:0.000283s ]

[ 2016-04-15T19:09:28+08:00 ] 127.0.0.1 /m/Index/index
INFO: [ app_init ] --START--
INFO: Run Behavior\BuildLiteBehavior [ RunTime:0.000009s ]
INFO: [ app_init ] --END-- [ RunTime:0.000192s ]
NOTIC: [8] Constant BIND_MODULE already defined /home/wj/www/thinkphp3.2/membership/ThinkPHP/Library/Think/Dispatcher.class.php 第 128 行.

[ 2016-04-15T19:09:38+08:00 ] 127.0.0.1 /m/Index/index
INFO: [ app_init ] --START--
INFO: Run Behavior\BuildLiteBehavior [ RunTime:0.000010s ]
INFO: [ app_init ] --END-- [ RunTime:0.000209s ]
NOTIC: [8] Constant BIND_MODULE already defined /home/wj/www/thinkphp3.2/membership/ThinkPHP/Library/Think/Dispatcher.class.php 第 128 行.

[ 2016-04-15T19:09:53+08:00 ] 127.0.0.1 /m/Index/index
INFO: [ app_init ] --START--
INFO: Run Behavior\BuildLiteBehavior [ RunTime:0.000009s ]
INFO: [ app_init ] --END-- [ RunTime:0.000214s ]
NOTIC: [8] Constant BIND_MODULE already defined /home/wj/www/thinkphp3.2/membership/ThinkPHP/Library/Think/Dispatcher.class.php 第 129 行.

[ 2016-04-15T19:11:05+08:00 ] 127.0.0.1 /m/Index/index
INFO: [ app_init ] --START--
INFO: Run Behavior\BuildLiteBehavior [ RunTime:0.000019s ]
INFO: [ app_init ] --END-- [ RunTime:0.000353s ]
NOTIC: [8] Constant BIND_MODULE already defined /home/wj/www/thinkphp3.2/membership/ThinkPHP/Library/Think/Dispatcher.class.php 第 129 行.

[ 2016-04-15T19:15:02+08:00 ] 127.0.0.1 /m/Index/index
INFO: [ app_init ] --START--
INFO: Run Behavior\BuildLiteBehavior [ RunTime:0.000009s ]
INFO: [ app_init ] --END-- [ RunTime:0.000197s ]
NOTIC: [8] Constant BIND_MODULE already defined /home/wj/www/thinkphp3.2/membership/ThinkPHP/Library/Think/Dispatcher.class.php 第 127 行.

[ 2016-04-15T19:15:58+08:00 ] 127.0.0.1 /m/Index/index
INFO: [ app_init ] --START--
INFO: Run Behavior\BuildLiteBehavior [ RunTime:0.000043s ]
INFO: [ app_init ] --END-- [ RunTime:0.000766s ]
NOTIC: [8] Constant BIND_MODULE already defined /home/wj/www/thinkphp3.2/membership/ThinkPHP/Library/Think/Dispatcher.class.php 第 128 行.

[ 2016-04-15T19:15:58+08:00 ] 127.0.0.1 /m/Index/index
INFO: [ app_init ] --START--
INFO: Run Behavior\BuildLiteBehavior [ RunTime:0.000012s ]
INFO: [ app_init ] --END-- [ RunTime:0.000285s ]
NOTIC: [8] Constant BIND_MODULE already defined /home/wj/www/thinkphp3.2/membership/ThinkPHP/Library/Think/Dispatcher.class.php 第 128 行.

[ 2016-04-15T19:25:26+08:00 ] 127.0.0.1 /m/Index/index
INFO: [ app_init ] --START--
INFO: Run Behavior\BuildLiteBehavior [ RunTime:0.000016s ]
INFO: [ app_init ] --END-- [ RunTime:0.000362s ]

[ 2016-04-15T19:32:31+08:00 ] 127.0.0.1 /m/Index/index
INFO: [ app_init ] --START--
INFO: Run Behavior\BuildLiteBehavior [ RunTime:0.000009s ]
INFO: [ app_init ] --END-- [ RunTime:0.000209s ]

[ 2016-04-15T19:32:42+08:00 ] 127.0.0.1 /m/Index/index
INFO: [ app_init ] --START--
INFO: Run Behavior\BuildLiteBehavior [ RunTime:0.000010s ]
INFO: [ app_init ] --END-- [ RunTime:0.000233s ]

[ 2016-04-15T19:33:05+08:00 ] 127.0.0.1 /m/Index/index
INFO: [ app_init ] --START--
INFO: Run Behavior\BuildLiteBehavior [ RunTime:0.000014s ]
INFO: [ app_init ] --END-- [ RunTime:0.015501s ]

